ARM GAS  C:\Users\86152\AppData\Local\Temp\cc8ZvpbI.s 			page 1


   1              		.cpu cortex-m4
   2              		.arch armv7e-m
   3              		.fpu fpv4-sp-d16
   4              		.eabi_attribute 27, 1
   5              		.eabi_attribute 28, 1
   6              		.eabi_attribute 20, 1
   7              		.eabi_attribute 21, 1
   8              		.eabi_attribute 23, 3
   9              		.eabi_attribute 24, 1
  10              		.eabi_attribute 25, 1
  11              		.eabi_attribute 26, 1
  12              		.eabi_attribute 30, 1
  13              		.eabi_attribute 34, 1
  14              		.eabi_attribute 18, 4
  15              		.file	"filter32.c"
  16              		.text
  17              	.Ltext0:
  18              		.cfi_sections	.debug_frame
  19              		.section	.text.First_Order_Filter_Init,"ax",%progbits
  20              		.align	1
  21              		.global	First_Order_Filter_Init
  22              		.syntax unified
  23              		.thumb
  24              		.thumb_func
  26              	First_Order_Filter_Init:
  27              	.LVL0:
  28              	.LFB135:
  29              		.file 1 "Components/filter32.c"
   1:Components/filter32.c **** /**
   2:Components/filter32.c ****   ******************************************************************************
   3:Components/filter32.c ****   * @file    filter32.c
   4:Components/filter32.c ****   * @author  Wang Hongxi
   5:Components/filter32.c ****   * @version V1.0.1
   6:Components/filter32.c ****   * @date    2020/7/7
   7:Components/filter32.c ****   * @brief   
   8:Components/filter32.c ****   ******************************************************************************
   9:Components/filter32.c ****   * @attention 
  10:Components/filter32.c ****   *
  11:Components/filter32.c ****   ******************************************************************************
  12:Components/filter32.c ****   */
  13:Components/filter32.c **** #include "filter32.h"
  14:Components/filter32.c **** 
  15:Components/filter32.c **** #if (__CORTEX_M == (4U))
  16:Components/filter32.c **** /**
  17:Components/filter32.c ****   * @brief          一阶低通滤波初始化
  18:Components/filter32.c ****   * @param[in]      一阶低通滤波结构体
  19:Components/filter32.c ****   * @param[in]      间隔的时间，单位 s
  20:Components/filter32.c ****   * @param[in]      滤波系数
  21:Components/filter32.c ****   * @retval         返回空
  22:Components/filter32.c ****   */
  23:Components/filter32.c **** void First_Order_Filter_Init(First_Order_Filter_t *first_order_filter, float frame_period, float nu
  24:Components/filter32.c **** {
  30              		.loc 1 24 1 view -0
  31              		.cfi_startproc
  32              		@ args = 0, pretend = 0, frame = 0
  33              		@ frame_needed = 0, uses_anonymous_args = 0
  34              		@ link register save eliminated.
ARM GAS  C:\Users\86152\AppData\Local\Temp\cc8ZvpbI.s 			page 2


  25:Components/filter32.c ****     first_order_filter->Frame_Period = frame_period;
  35              		.loc 1 25 5 view .LVU1
  36              		.loc 1 25 38 is_stmt 0 view .LVU2
  37 0000 80ED030A 		vstr.32	s0, [r0, #12]
  26:Components/filter32.c ****     first_order_filter->RC = num;
  38              		.loc 1 26 5 is_stmt 1 view .LVU3
  39              		.loc 1 26 28 is_stmt 0 view .LVU4
  40 0004 C0ED020A 		vstr.32	s1, [r0, #8]
  27:Components/filter32.c ****     first_order_filter->Input = 0.0f;
  41              		.loc 1 27 5 is_stmt 1 view .LVU5
  42              		.loc 1 27 31 is_stmt 0 view .LVU6
  43 0008 0023     		movs	r3, #0
  44 000a 0360     		str	r3, [r0]	@ float
  28:Components/filter32.c ****     first_order_filter->Output = 0.0f;
  45              		.loc 1 28 5 is_stmt 1 view .LVU7
  46              		.loc 1 28 32 is_stmt 0 view .LVU8
  47 000c 4360     		str	r3, [r0, #4]	@ float
  29:Components/filter32.c **** }
  48              		.loc 1 29 1 view .LVU9
  49 000e 7047     		bx	lr
  50              		.cfi_endproc
  51              	.LFE135:
  53              		.section	.text.First_Order_Filter_Calculate,"ax",%progbits
  54              		.align	1
  55              		.global	First_Order_Filter_Calculate
  56              		.syntax unified
  57              		.thumb
  58              		.thumb_func
  60              	First_Order_Filter_Calculate:
  61              	.LVL1:
  62              	.LFB136:
  30:Components/filter32.c **** 
  31:Components/filter32.c **** /**
  32:Components/filter32.c ****   * @brief          一阶低通滤波计算
  33:Components/filter32.c ****   * @param[in]      一阶低通滤波结构体
  34:Components/filter32.c ****   * @param[in]      测量值
  35:Components/filter32.c ****   * @retval         返回滤波输出
  36:Components/filter32.c ****   */
  37:Components/filter32.c **** float First_Order_Filter_Calculate(First_Order_Filter_t *first_order_filter, float input)
  38:Components/filter32.c **** {
  63              		.loc 1 38 1 is_stmt 1 view -0
  64              		.cfi_startproc
  65              		@ args = 0, pretend = 0, frame = 0
  66              		@ frame_needed = 0, uses_anonymous_args = 0
  67              		@ link register save eliminated.
  39:Components/filter32.c ****     first_order_filter->Input = input;
  68              		.loc 1 39 5 view .LVU11
  69              		.loc 1 39 31 is_stmt 0 view .LVU12
  70 0000 80ED000A 		vstr.32	s0, [r0]
  40:Components/filter32.c **** 
  41:Components/filter32.c ****     // x(t) = x(t-1)*dt/(dt + omega) + u*omega/(dt + omega)
  42:Components/filter32.c ****     // X(s) = omega/(s + omega)
  43:Components/filter32.c ****     first_order_filter->Output =
  71              		.loc 1 43 5 is_stmt 1 view .LVU13
  44:Components/filter32.c ****         first_order_filter->Output * first_order_filter->RC /
  72              		.loc 1 44 27 is_stmt 0 view .LVU14
  73 0004 90ED016A 		vldr.32	s12, [r0, #4]
ARM GAS  C:\Users\86152\AppData\Local\Temp\cc8ZvpbI.s 			page 3


  74              		.loc 1 44 56 view .LVU15
  75 0008 D0ED027A 		vldr.32	s15, [r0, #8]
  76              		.loc 1 44 36 view .LVU16
  77 000c 26EE276A 		vmul.f32	s12, s12, s15
  45:Components/filter32.c ****             (first_order_filter->RC + first_order_filter->Frame_Period) +
  78              		.loc 1 45 57 view .LVU17
  79 0010 D0ED036A 		vldr.32	s13, [r0, #12]
  80              		.loc 1 45 37 view .LVU18
  81 0014 77EEA67A 		vadd.f32	s15, s15, s13
  44:Components/filter32.c ****         first_order_filter->Output * first_order_filter->RC /
  82              		.loc 1 44 61 view .LVU19
  83 0018 86EE277A 		vdiv.f32	s14, s12, s15
  46:Components/filter32.c ****         first_order_filter->Input * first_order_filter->Frame_Period /
  84              		.loc 1 46 35 view .LVU20
  85 001c 66EE806A 		vmul.f32	s13, s13, s0
  86              		.loc 1 46 70 view .LVU21
  87 0020 86EEA70A 		vdiv.f32	s0, s13, s15
  88              	.LVL2:
  45:Components/filter32.c ****             (first_order_filter->RC + first_order_filter->Frame_Period) +
  89              		.loc 1 45 73 view .LVU22
  90 0024 37EE000A 		vadd.f32	s0, s14, s0
  43:Components/filter32.c ****         first_order_filter->Output * first_order_filter->RC /
  91              		.loc 1 43 32 view .LVU23
  92 0028 80ED010A 		vstr.32	s0, [r0, #4]
  47:Components/filter32.c ****             (first_order_filter->RC + first_order_filter->Frame_Period);
  48:Components/filter32.c **** 
  49:Components/filter32.c ****     return first_order_filter->Output;
  93              		.loc 1 49 5 is_stmt 1 view .LVU24
  50:Components/filter32.c **** }
  94              		.loc 1 50 1 is_stmt 0 view .LVU25
  95 002c 7047     		bx	lr
  96              		.cfi_endproc
  97              	.LFE136:
  99              		.section	.text.Window_Filter_Init,"ax",%progbits
 100              		.align	1
 101              		.global	Window_Filter_Init
 102              		.syntax unified
 103              		.thumb
 104              		.thumb_func
 106              	Window_Filter_Init:
 107              	.LVL3:
 108              	.LFB137:
  51:Components/filter32.c **** 
  52:Components/filter32.c **** /**
  53:Components/filter32.c ****   * @brief          窗口滤波初始化
  54:Components/filter32.c ****   * @param[in]      窗口滤波结构体
  55:Components/filter32.c ****   * @param[in]      窗口大小
  56:Components/filter32.c ****   * @retval         返回空
  57:Components/filter32.c ****   */
  58:Components/filter32.c **** void Window_Filter_Init(Window_Filter_t *window_filter, uint8_t windowSize)
  59:Components/filter32.c **** {
 109              		.loc 1 59 1 is_stmt 1 view -0
 110              		.cfi_startproc
 111              		@ args = 0, pretend = 0, frame = 0
 112              		@ frame_needed = 0, uses_anonymous_args = 0
 113              		.loc 1 59 1 is_stmt 0 view .LVU27
 114 0000 70B5     		push	{r4, r5, r6, lr}
ARM GAS  C:\Users\86152\AppData\Local\Temp\cc8ZvpbI.s 			page 4


 115              	.LCFI0:
 116              		.cfi_def_cfa_offset 16
 117              		.cfi_offset 4, -16
 118              		.cfi_offset 5, -12
 119              		.cfi_offset 6, -8
 120              		.cfi_offset 14, -4
 121 0002 0546     		mov	r5, r0
 122 0004 0C46     		mov	r4, r1
  60:Components/filter32.c ****     window_filter->WindowNum = 0;
 123              		.loc 1 60 5 is_stmt 1 view .LVU28
 124              		.loc 1 60 30 is_stmt 0 view .LVU29
 125 0006 0026     		movs	r6, #0
 126 0008 4672     		strb	r6, [r0, #9]
  61:Components/filter32.c ****     window_filter->WindowSize = windowSize;
 127              		.loc 1 61 5 is_stmt 1 view .LVU30
 128              		.loc 1 61 31 is_stmt 0 view .LVU31
 129 000a 0172     		strb	r1, [r0, #8]
  62:Components/filter32.c ****     window_filter->WindowBuffer = (float *)user_malloc(sizeof(float) * windowSize);
 130              		.loc 1 62 5 is_stmt 1 view .LVU32
 131              		.loc 1 62 44 is_stmt 0 view .LVU33
 132 000c 8800     		lsls	r0, r1, #2
 133              	.LVL4:
 134              		.loc 1 62 44 view .LVU34
 135 000e FFF7FEFF 		bl	pvPortMalloc
 136              	.LVL5:
 137              		.loc 1 62 33 view .LVU35
 138 0012 E860     		str	r0, [r5, #12]
  63:Components/filter32.c ****     memset(window_filter->WindowBuffer, 0, windowSize);
 139              		.loc 1 63 5 is_stmt 1 view .LVU36
 140 0014 2246     		mov	r2, r4
 141 0016 3146     		mov	r1, r6
 142 0018 FFF7FEFF 		bl	memset
 143              	.LVL6:
  64:Components/filter32.c **** }
 144              		.loc 1 64 1 is_stmt 0 view .LVU37
 145 001c 70BD     		pop	{r4, r5, r6, pc}
 146              		.loc 1 64 1 view .LVU38
 147              		.cfi_endproc
 148              	.LFE137:
 150              		.section	.text.Window_Filter_Calculate,"ax",%progbits
 151              		.align	1
 152              		.global	Window_Filter_Calculate
 153              		.syntax unified
 154              		.thumb
 155              		.thumb_func
 157              	Window_Filter_Calculate:
 158              	.LVL7:
 159              	.LFB138:
  65:Components/filter32.c **** 
  66:Components/filter32.c **** /**
  67:Components/filter32.c ****   * @brief          窗口滤波计算
  68:Components/filter32.c ****   * @param[in]      窗口滤波结构体
  69:Components/filter32.c ****   * @param[in]      测量值
  70:Components/filter32.c ****   * @retval         返回滤波输出
  71:Components/filter32.c ****   */
  72:Components/filter32.c **** float Window_Filter_Calculate(Window_Filter_t *window_filter, float input)
  73:Components/filter32.c **** {
ARM GAS  C:\Users\86152\AppData\Local\Temp\cc8ZvpbI.s 			page 5


 160              		.loc 1 73 1 is_stmt 1 view -0
 161              		.cfi_startproc
 162              		@ args = 0, pretend = 0, frame = 0
 163              		@ frame_needed = 0, uses_anonymous_args = 0
 164              		@ link register save eliminated.
  74:Components/filter32.c ****     window_filter->Input = input;
 165              		.loc 1 74 5 view .LVU40
 166              		.loc 1 74 26 is_stmt 0 view .LVU41
 167 0000 80ED000A 		vstr.32	s0, [r0]
  75:Components/filter32.c ****     window_filter->Output = 0;
 168              		.loc 1 75 5 is_stmt 1 view .LVU42
 169              		.loc 1 75 27 is_stmt 0 view .LVU43
 170 0004 0023     		movs	r3, #0
 171 0006 4360     		str	r3, [r0, #4]	@ float
  76:Components/filter32.c **** 
  77:Components/filter32.c ****     window_filter->WindowBuffer[window_filter->WindowNum++] = input;
 172              		.loc 1 77 5 is_stmt 1 view .LVU44
 173              		.loc 1 77 18 is_stmt 0 view .LVU45
 174 0008 C368     		ldr	r3, [r0, #12]
 175              		.loc 1 77 46 view .LVU46
 176 000a 427A     		ldrb	r2, [r0, #9]	@ zero_extendqisi2
 177              		.loc 1 77 57 view .LVU47
 178 000c 511C     		adds	r1, r2, #1
 179 000e 4172     		strb	r1, [r0, #9]
 180              		.loc 1 77 32 view .LVU48
 181 0010 03EB8203 		add	r3, r3, r2, lsl #2
 182              		.loc 1 77 61 view .LVU49
 183 0014 83ED000A 		vstr.32	s0, [r3]
  78:Components/filter32.c ****     if (window_filter->WindowNum >= window_filter->WindowSize)
 184              		.loc 1 78 5 is_stmt 1 view .LVU50
 185              		.loc 1 78 22 is_stmt 0 view .LVU51
 186 0018 437A     		ldrb	r3, [r0, #9]	@ zero_extendqisi2
 187              		.loc 1 78 50 view .LVU52
 188 001a 017A     		ldrb	r1, [r0, #8]	@ zero_extendqisi2
 189              		.loc 1 78 8 view .LVU53
 190 001c 8B42     		cmp	r3, r1
 191 001e 01D3     		bcc	.L6
  79:Components/filter32.c ****         window_filter->WindowNum = 0;
 192              		.loc 1 79 9 is_stmt 1 view .LVU54
 193              		.loc 1 79 34 is_stmt 0 view .LVU55
 194 0020 0023     		movs	r3, #0
 195 0022 4372     		strb	r3, [r0, #9]
 196              	.L6:
  73:Components/filter32.c ****     window_filter->Input = input;
 197              		.loc 1 73 1 discriminator 1 view .LVU56
 198 0024 0023     		movs	r3, #0
 199 0026 0CE0     		b	.L7
 200              	.LVL8:
 201              	.L8:
 202              	.LBB2:
  80:Components/filter32.c **** 
  81:Components/filter32.c ****     for (uint8_t i = 0; i < window_filter->WindowSize; i++)
  82:Components/filter32.c ****         window_filter->Output += window_filter->WindowBuffer[i];
 203              		.loc 1 82 9 is_stmt 1 discriminator 3 view .LVU57
 204              		.loc 1 82 47 is_stmt 0 discriminator 3 view .LVU58
 205 0028 C268     		ldr	r2, [r0, #12]
 206              		.loc 1 82 61 discriminator 3 view .LVU59
ARM GAS  C:\Users\86152\AppData\Local\Temp\cc8ZvpbI.s 			page 6


 207 002a 02EB8302 		add	r2, r2, r3, lsl #2
 208 002e 92ED007A 		vldr.32	s14, [r2]
 209              		.loc 1 82 31 discriminator 3 view .LVU60
 210 0032 D0ED017A 		vldr.32	s15, [r0, #4]
 211 0036 77EE877A 		vadd.f32	s15, s15, s14
 212 003a C0ED017A 		vstr.32	s15, [r0, #4]
  81:Components/filter32.c ****         window_filter->Output += window_filter->WindowBuffer[i];
 213              		.loc 1 81 56 is_stmt 1 discriminator 3 view .LVU61
  81:Components/filter32.c ****         window_filter->Output += window_filter->WindowBuffer[i];
 214              		.loc 1 81 57 is_stmt 0 discriminator 3 view .LVU62
 215 003e 0133     		adds	r3, r3, #1
 216              	.LVL9:
  81:Components/filter32.c ****         window_filter->Output += window_filter->WindowBuffer[i];
 217              		.loc 1 81 57 discriminator 3 view .LVU63
 218 0040 DBB2     		uxtb	r3, r3
 219              	.LVL10:
 220              	.L7:
  81:Components/filter32.c ****         window_filter->Output += window_filter->WindowBuffer[i];
 221              		.loc 1 81 25 is_stmt 1 discriminator 1 view .LVU64
  81:Components/filter32.c ****         window_filter->Output += window_filter->WindowBuffer[i];
 222              		.loc 1 81 5 is_stmt 0 discriminator 1 view .LVU65
 223 0042 9942     		cmp	r1, r3
 224 0044 F0D8     		bhi	.L8
 225              	.LBE2:
  83:Components/filter32.c **** 
  84:Components/filter32.c ****     window_filter->Output /= window_filter->WindowSize;
 226              		.loc 1 84 5 is_stmt 1 view .LVU66
 227              		.loc 1 84 27 is_stmt 0 view .LVU67
 228 0046 07EE901A 		vmov	s15, r1	@ int
 229 004a F8EEE77A 		vcvt.f32.s32	s15, s15
 230 004e 90ED017A 		vldr.32	s14, [r0, #4]
 231 0052 87EE270A 		vdiv.f32	s0, s14, s15
 232              	.LVL11:
 233              		.loc 1 84 27 view .LVU68
 234 0056 80ED010A 		vstr.32	s0, [r0, #4]
  85:Components/filter32.c **** 
  86:Components/filter32.c ****     return window_filter->Output;
 235              		.loc 1 86 5 is_stmt 1 view .LVU69
  87:Components/filter32.c **** }
 236              		.loc 1 87 1 is_stmt 0 view .LVU70
 237 005a 7047     		bx	lr
 238              		.cfi_endproc
 239              	.LFE138:
 241              		.section	.text.IIR_Filter_Init,"ax",%progbits
 242              		.align	1
 243              		.global	IIR_Filter_Init
 244              		.syntax unified
 245              		.thumb
 246              		.thumb_func
 248              	IIR_Filter_Init:
 249              	.LVL12:
 250              	.LFB139:
  88:Components/filter32.c **** 
  89:Components/filter32.c **** /**
  90:Components/filter32.c ****   * @brief          IIR滤波初始化
  91:Components/filter32.c ****   * @param[in]      IIR滤波结构体
  92:Components/filter32.c ****   * @param[in]      间隔的时间，单位 s
ARM GAS  C:\Users\86152\AppData\Local\Temp\cc8ZvpbI.s 			page 7


  93:Components/filter32.c ****   * @param[in]      滤波系数
  94:Components/filter32.c ****   * @retval         返回空
  95:Components/filter32.c ****   */
  96:Components/filter32.c **** void IIR_Filter_Init(IIR_Filter_t *iir_filter, float *num, float *den, uint8_t order)
  97:Components/filter32.c **** {
 251              		.loc 1 97 1 is_stmt 1 view -0
 252              		.cfi_startproc
 253              		@ args = 0, pretend = 0, frame = 0
 254              		@ frame_needed = 0, uses_anonymous_args = 0
 255              		.loc 1 97 1 is_stmt 0 view .LVU72
 256 0000 F8B5     		push	{r3, r4, r5, r6, r7, lr}
 257              	.LCFI1:
 258              		.cfi_def_cfa_offset 24
 259              		.cfi_offset 3, -24
 260              		.cfi_offset 4, -20
 261              		.cfi_offset 5, -16
 262              		.cfi_offset 6, -12
 263              		.cfi_offset 7, -8
 264              		.cfi_offset 14, -4
 265 0002 0546     		mov	r5, r0
 266 0004 0F46     		mov	r7, r1
 267 0006 1646     		mov	r6, r2
  98:Components/filter32.c ****     iir_filter->Order = order;
 268              		.loc 1 98 5 is_stmt 1 view .LVU73
 269              		.loc 1 98 23 is_stmt 0 view .LVU74
 270 0008 0372     		strb	r3, [r0, #8]
  99:Components/filter32.c ****     iir_filter->Num = (float *)user_malloc(sizeof(float) * order);
 271              		.loc 1 99 5 is_stmt 1 view .LVU75
 272              		.loc 1 99 32 is_stmt 0 view .LVU76
 273 000a 9C00     		lsls	r4, r3, #2
 274 000c 2046     		mov	r0, r4
 275              	.LVL13:
 276              		.loc 1 99 32 view .LVU77
 277 000e FFF7FEFF 		bl	pvPortMalloc
 278              	.LVL14:
 279              		.loc 1 99 21 view .LVU78
 280 0012 E860     		str	r0, [r5, #12]
 100:Components/filter32.c ****     iir_filter->Den = (float *)user_malloc(sizeof(float) * order);
 281              		.loc 1 100 5 is_stmt 1 view .LVU79
 282              		.loc 1 100 32 is_stmt 0 view .LVU80
 283 0014 2046     		mov	r0, r4
 284 0016 FFF7FEFF 		bl	pvPortMalloc
 285              	.LVL15:
 286              		.loc 1 100 21 view .LVU81
 287 001a 2861     		str	r0, [r5, #16]
 101:Components/filter32.c ****     iir_filter->xbuf = (float *)user_malloc(sizeof(float) * order);
 288              		.loc 1 101 5 is_stmt 1 view .LVU82
 289              		.loc 1 101 33 is_stmt 0 view .LVU83
 290 001c 2046     		mov	r0, r4
 291 001e FFF7FEFF 		bl	pvPortMalloc
 292              	.LVL16:
 293              		.loc 1 101 22 view .LVU84
 294 0022 6861     		str	r0, [r5, #20]
 102:Components/filter32.c ****     iir_filter->ybuf = (float *)user_malloc(sizeof(float) * order);
 295              		.loc 1 102 5 is_stmt 1 view .LVU85
 296              		.loc 1 102 33 is_stmt 0 view .LVU86
 297 0024 2046     		mov	r0, r4
ARM GAS  C:\Users\86152\AppData\Local\Temp\cc8ZvpbI.s 			page 8


 298 0026 FFF7FEFF 		bl	pvPortMalloc
 299              	.LVL17:
 300              		.loc 1 102 22 view .LVU87
 301 002a A861     		str	r0, [r5, #24]
 103:Components/filter32.c ****     memcpy(iir_filter->Num, num, sizeof(float) * order);
 302              		.loc 1 103 5 is_stmt 1 view .LVU88
 303 002c 2246     		mov	r2, r4
 304 002e 3946     		mov	r1, r7
 305 0030 E868     		ldr	r0, [r5, #12]
 306 0032 FFF7FEFF 		bl	memcpy
 307              	.LVL18:
 104:Components/filter32.c ****     memcpy(iir_filter->Den, den, sizeof(float) * order);
 308              		.loc 1 104 5 view .LVU89
 309 0036 2246     		mov	r2, r4
 310 0038 3146     		mov	r1, r6
 311 003a 2869     		ldr	r0, [r5, #16]
 312 003c FFF7FEFF 		bl	memcpy
 313              	.LVL19:
 105:Components/filter32.c **** }
 314              		.loc 1 105 1 is_stmt 0 view .LVU90
 315 0040 F8BD     		pop	{r3, r4, r5, r6, r7, pc}
 316              		.loc 1 105 1 view .LVU91
 317              		.cfi_endproc
 318              	.LFE139:
 320              		.section	.text.IIR_Filter_Calculate,"ax",%progbits
 321              		.align	1
 322              		.global	IIR_Filter_Calculate
 323              		.syntax unified
 324              		.thumb
 325              		.thumb_func
 327              	IIR_Filter_Calculate:
 328              	.LVL20:
 329              	.LFB140:
 106:Components/filter32.c **** 
 107:Components/filter32.c **** /**
 108:Components/filter32.c ****   * @brief          IIR滤波计算
 109:Components/filter32.c ****   * @param[in]      IIR滤波结构体
 110:Components/filter32.c ****   * @param[in]      测量值
 111:Components/filter32.c ****   * @retval         返回滤波输出
 112:Components/filter32.c ****   */
 113:Components/filter32.c **** float IIR_Filter_Calculate(IIR_Filter_t *iir_filter, float input)
 114:Components/filter32.c **** {
 330              		.loc 1 114 1 is_stmt 1 view -0
 331              		.cfi_startproc
 332              		@ args = 0, pretend = 0, frame = 0
 333              		@ frame_needed = 0, uses_anonymous_args = 0
 334              		@ link register save eliminated.
 115:Components/filter32.c ****     iir_filter->Input = input;
 335              		.loc 1 115 5 view .LVU93
 336              		.loc 1 115 23 is_stmt 0 view .LVU94
 337 0000 80ED000A 		vstr.32	s0, [r0]
 116:Components/filter32.c ****     for (uint8_t i = iir_filter->Order - 1; i > 0; i--)
 338              		.loc 1 116 5 is_stmt 1 view .LVU95
 339              	.LBB3:
 340              		.loc 1 116 10 view .LVU96
 341              		.loc 1 116 32 is_stmt 0 view .LVU97
 342 0004 037A     		ldrb	r3, [r0, #8]	@ zero_extendqisi2
ARM GAS  C:\Users\86152\AppData\Local\Temp\cc8ZvpbI.s 			page 9


 343              		.loc 1 116 18 view .LVU98
 344 0006 013B     		subs	r3, r3, #1
 345 0008 DBB2     		uxtb	r3, r3
 346              	.LVL21:
 347              		.loc 1 116 5 view .LVU99
 348 000a 14E0     		b	.L12
 349              	.L13:
 117:Components/filter32.c ****     {
 118:Components/filter32.c ****         iir_filter->xbuf[i] = iir_filter->xbuf[i - 1];
 350              		.loc 1 118 9 is_stmt 1 discriminator 3 view .LVU100
 351              		.loc 1 118 41 is_stmt 0 discriminator 3 view .LVU101
 352 000c 4269     		ldr	r2, [r0, #20]
 353              		.loc 1 118 47 discriminator 3 view .LVU102
 354 000e 03F18041 		add	r1, r3, #1073741824
 355 0012 0139     		subs	r1, r1, #1
 356              		.loc 1 118 25 discriminator 3 view .LVU103
 357 0014 02EB830C 		add	ip, r2, r3, lsl #2
 358              		.loc 1 118 47 discriminator 3 view .LVU104
 359 0018 02EB8102 		add	r2, r2, r1, lsl #2
 360 001c 1268     		ldr	r2, [r2]	@ float
 361              		.loc 1 118 29 discriminator 3 view .LVU105
 362 001e CCF80020 		str	r2, [ip]	@ float
 119:Components/filter32.c ****         iir_filter->ybuf[i] = iir_filter->ybuf[i - 1];
 363              		.loc 1 119 9 is_stmt 1 discriminator 3 view .LVU106
 364              		.loc 1 119 41 is_stmt 0 discriminator 3 view .LVU107
 365 0022 8269     		ldr	r2, [r0, #24]
 366              		.loc 1 119 25 discriminator 3 view .LVU108
 367 0024 02EB830C 		add	ip, r2, r3, lsl #2
 368              		.loc 1 119 47 discriminator 3 view .LVU109
 369 0028 02EB8102 		add	r2, r2, r1, lsl #2
 370 002c 1268     		ldr	r2, [r2]	@ float
 371              		.loc 1 119 29 discriminator 3 view .LVU110
 372 002e CCF80020 		str	r2, [ip]	@ float
 116:Components/filter32.c ****     for (uint8_t i = iir_filter->Order - 1; i > 0; i--)
 373              		.loc 1 116 52 is_stmt 1 discriminator 3 view .LVU111
 116:Components/filter32.c ****     for (uint8_t i = iir_filter->Order - 1; i > 0; i--)
 374              		.loc 1 116 53 is_stmt 0 discriminator 3 view .LVU112
 375 0032 013B     		subs	r3, r3, #1
 376              	.LVL22:
 116:Components/filter32.c ****     for (uint8_t i = iir_filter->Order - 1; i > 0; i--)
 377              		.loc 1 116 53 discriminator 3 view .LVU113
 378 0034 DBB2     		uxtb	r3, r3
 379              	.LVL23:
 380              	.L12:
 116:Components/filter32.c ****     for (uint8_t i = iir_filter->Order - 1; i > 0; i--)
 381              		.loc 1 116 45 is_stmt 1 discriminator 1 view .LVU114
 116:Components/filter32.c ****     for (uint8_t i = iir_filter->Order - 1; i > 0; i--)
 382              		.loc 1 116 5 is_stmt 0 discriminator 1 view .LVU115
 383 0036 002B     		cmp	r3, #0
 384 0038 E8D1     		bne	.L13
 116:Components/filter32.c ****     for (uint8_t i = iir_filter->Order - 1; i > 0; i--)
 385              		.loc 1 116 5 discriminator 1 view .LVU116
 386              	.LBE3:
 120:Components/filter32.c ****     }
 121:Components/filter32.c ****     iir_filter->xbuf[0] = input;
 387              		.loc 1 121 5 is_stmt 1 view .LVU117
 388              		.loc 1 121 15 is_stmt 0 view .LVU118
ARM GAS  C:\Users\86152\AppData\Local\Temp\cc8ZvpbI.s 			page 10


 389 003a 4369     		ldr	r3, [r0, #20]
 390              	.LVL24:
 391              		.loc 1 121 25 view .LVU119
 392 003c 83ED000A 		vstr.32	s0, [r3]
 122:Components/filter32.c ****     iir_filter->ybuf[0] = iir_filter->Num[0] * iir_filter->xbuf[0];
 393              		.loc 1 122 5 is_stmt 1 view .LVU120
 394              		.loc 1 122 37 is_stmt 0 view .LVU121
 395 0040 C368     		ldr	r3, [r0, #12]
 396              		.loc 1 122 42 view .LVU122
 397 0042 D3ED007A 		vldr.32	s15, [r3]
 398              		.loc 1 122 58 view .LVU123
 399 0046 4369     		ldr	r3, [r0, #20]
 400              		.loc 1 122 64 view .LVU124
 401 0048 93ED007A 		vldr.32	s14, [r3]
 402              		.loc 1 122 15 view .LVU125
 403 004c 8369     		ldr	r3, [r0, #24]
 404              		.loc 1 122 46 view .LVU126
 405 004e 67EE877A 		vmul.f32	s15, s15, s14
 406              		.loc 1 122 25 view .LVU127
 407 0052 C3ED007A 		vstr.32	s15, [r3]
 123:Components/filter32.c ****     for (uint8_t i = 1; i < iir_filter->Order; i++)
 408              		.loc 1 123 5 is_stmt 1 view .LVU128
 409              	.LBB4:
 410              		.loc 1 123 10 view .LVU129
 411              	.LVL25:
 412              		.loc 1 123 18 is_stmt 0 view .LVU130
 413 0056 0123     		movs	r3, #1
 414              		.loc 1 123 5 view .LVU131
 415 0058 21E0     		b	.L14
 416              	.LVL26:
 417              	.L15:
 124:Components/filter32.c ****     {
 125:Components/filter32.c ****         iir_filter->ybuf[0] += iir_filter->Num[i] * iir_filter->xbuf[i] - iir_filter->Den[i] * iir_
 418              		.loc 1 125 9 is_stmt 1 discriminator 3 view .LVU132
 419              		.loc 1 125 19 is_stmt 0 discriminator 3 view .LVU133
 420 005a 8269     		ldr	r2, [r0, #24]
 421              		.loc 1 125 42 discriminator 3 view .LVU134
 422 005c C168     		ldr	r1, [r0, #12]
 423              		.loc 1 125 47 discriminator 3 view .LVU135
 424 005e 01EB8301 		add	r1, r1, r3, lsl #2
 425 0062 D1ED007A 		vldr.32	s15, [r1]
 426              		.loc 1 125 63 discriminator 3 view .LVU136
 427 0066 4169     		ldr	r1, [r0, #20]
 428              		.loc 1 125 69 discriminator 3 view .LVU137
 429 0068 01EB8301 		add	r1, r1, r3, lsl #2
 430 006c 91ED007A 		vldr.32	s14, [r1]
 431              		.loc 1 125 51 discriminator 3 view .LVU138
 432 0070 67EE877A 		vmul.f32	s15, s15, s14
 433              		.loc 1 125 85 discriminator 3 view .LVU139
 434 0074 0169     		ldr	r1, [r0, #16]
 435              		.loc 1 125 90 discriminator 3 view .LVU140
 436 0076 01EB8301 		add	r1, r1, r3, lsl #2
 437 007a 91ED007A 		vldr.32	s14, [r1]
 438              		.loc 1 125 112 discriminator 3 view .LVU141
 439 007e 02EB8301 		add	r1, r2, r3, lsl #2
 440 0082 D1ED006A 		vldr.32	s13, [r1]
 441              		.loc 1 125 94 discriminator 3 view .LVU142
ARM GAS  C:\Users\86152\AppData\Local\Temp\cc8ZvpbI.s 			page 11


 442 0086 27EE267A 		vmul.f32	s14, s14, s13
 443              		.loc 1 125 73 discriminator 3 view .LVU143
 444 008a 77EEC77A 		vsub.f32	s15, s15, s14
 445              		.loc 1 125 29 discriminator 3 view .LVU144
 446 008e 92ED007A 		vldr.32	s14, [r2]
 447 0092 77EE277A 		vadd.f32	s15, s14, s15
 448 0096 C2ED007A 		vstr.32	s15, [r2]
 123:Components/filter32.c ****     for (uint8_t i = 1; i < iir_filter->Order; i++)
 449              		.loc 1 123 48 is_stmt 1 discriminator 3 view .LVU145
 123:Components/filter32.c ****     for (uint8_t i = 1; i < iir_filter->Order; i++)
 450              		.loc 1 123 49 is_stmt 0 discriminator 3 view .LVU146
 451 009a 0133     		adds	r3, r3, #1
 452              	.LVL27:
 123:Components/filter32.c ****     for (uint8_t i = 1; i < iir_filter->Order; i++)
 453              		.loc 1 123 49 discriminator 3 view .LVU147
 454 009c DBB2     		uxtb	r3, r3
 455              	.LVL28:
 456              	.L14:
 123:Components/filter32.c ****     for (uint8_t i = 1; i < iir_filter->Order; i++)
 457              		.loc 1 123 25 is_stmt 1 discriminator 1 view .LVU148
 123:Components/filter32.c ****     for (uint8_t i = 1; i < iir_filter->Order; i++)
 458              		.loc 1 123 39 is_stmt 0 discriminator 1 view .LVU149
 459 009e 027A     		ldrb	r2, [r0, #8]	@ zero_extendqisi2
 123:Components/filter32.c ****     for (uint8_t i = 1; i < iir_filter->Order; i++)
 460              		.loc 1 123 5 discriminator 1 view .LVU150
 461 00a0 9A42     		cmp	r2, r3
 462 00a2 DAD8     		bhi	.L15
 463              	.LBE4:
 126:Components/filter32.c ****     }
 127:Components/filter32.c ****     iir_filter->Output = iir_filter->ybuf[0];
 464              		.loc 1 127 5 is_stmt 1 view .LVU151
 465              		.loc 1 127 36 is_stmt 0 view .LVU152
 466 00a4 8369     		ldr	r3, [r0, #24]
 467              	.LVL29:
 468              		.loc 1 127 42 view .LVU153
 469 00a6 93ED000A 		vldr.32	s0, [r3]
 470              	.LVL30:
 471              		.loc 1 127 24 view .LVU154
 472 00aa 80ED010A 		vstr.32	s0, [r0, #4]
 128:Components/filter32.c ****     return iir_filter->Output;
 473              		.loc 1 128 5 is_stmt 1 view .LVU155
 129:Components/filter32.c **** }
 474              		.loc 1 129 1 is_stmt 0 view .LVU156
 475 00ae 7047     		bx	lr
 476              		.cfi_endproc
 477              	.LFE140:
 479              		.text
 480              	.Letext0:
 481              		.file 2 "c:\\program files (x86)\\gnu arm embedded toolchain\\10 2021.10\\arm-none-eabi\\include\\
 482              		.file 3 "c:\\program files (x86)\\gnu arm embedded toolchain\\10 2021.10\\arm-none-eabi\\include\\
 483              		.file 4 "Components/filter32.h"
 484              		.file 5 "<built-in>"
 485              		.file 6 "Middlewares/Third_Party/FreeRTOS/Source/include/portable.h"
ARM GAS  C:\Users\86152\AppData\Local\Temp\cc8ZvpbI.s 			page 12


DEFINED SYMBOLS
                            *ABS*:00000000 filter32.c
C:\Users\86152\AppData\Local\Temp\cc8ZvpbI.s:20     .text.First_Order_Filter_Init:00000000 $t
C:\Users\86152\AppData\Local\Temp\cc8ZvpbI.s:26     .text.First_Order_Filter_Init:00000000 First_Order_Filter_Init
C:\Users\86152\AppData\Local\Temp\cc8ZvpbI.s:54     .text.First_Order_Filter_Calculate:00000000 $t
C:\Users\86152\AppData\Local\Temp\cc8ZvpbI.s:60     .text.First_Order_Filter_Calculate:00000000 First_Order_Filter_Calculate
C:\Users\86152\AppData\Local\Temp\cc8ZvpbI.s:100    .text.Window_Filter_Init:00000000 $t
C:\Users\86152\AppData\Local\Temp\cc8ZvpbI.s:106    .text.Window_Filter_Init:00000000 Window_Filter_Init
C:\Users\86152\AppData\Local\Temp\cc8ZvpbI.s:151    .text.Window_Filter_Calculate:00000000 $t
C:\Users\86152\AppData\Local\Temp\cc8ZvpbI.s:157    .text.Window_Filter_Calculate:00000000 Window_Filter_Calculate
C:\Users\86152\AppData\Local\Temp\cc8ZvpbI.s:242    .text.IIR_Filter_Init:00000000 $t
C:\Users\86152\AppData\Local\Temp\cc8ZvpbI.s:248    .text.IIR_Filter_Init:00000000 IIR_Filter_Init
C:\Users\86152\AppData\Local\Temp\cc8ZvpbI.s:321    .text.IIR_Filter_Calculate:00000000 $t
C:\Users\86152\AppData\Local\Temp\cc8ZvpbI.s:327    .text.IIR_Filter_Calculate:00000000 IIR_Filter_Calculate

UNDEFINED SYMBOLS
pvPortMalloc
memset
memcpy
