ARM GAS  C:\Users\86152\AppData\Local\Temp\ccpvkknh.s 			page 1


   1              		.cpu cortex-m4
   2              		.arch armv7e-m
   3              		.fpu fpv4-sp-d16
   4              		.eabi_attribute 27, 1
   5              		.eabi_attribute 28, 1
   6              		.eabi_attribute 20, 1
   7              		.eabi_attribute 21, 1
   8              		.eabi_attribute 23, 3
   9              		.eabi_attribute 24, 1
  10              		.eabi_attribute 25, 1
  11              		.eabi_attribute 26, 1
  12              		.eabi_attribute 30, 1
  13              		.eabi_attribute 34, 1
  14              		.eabi_attribute 18, 4
  15              		.file	"GravityEstimateKF.c"
  16              		.text
  17              	.Ltext0:
  18              		.cfi_sections	.debug_frame
  19              		.section	.text.gEstimateKF_Tuning,"ax",%progbits
  20              		.align	1
  21              		.syntax unified
  22              		.thumb
  23              		.thumb_func
  25              	gEstimateKF_Tuning:
  26              	.LVL0:
  27              	.LFB171:
  28              		.file 1 "Components/Algorithm/GravityEstimateKF.c"
   1:Components/Algorithm/GravityEstimateKF.c **** /**
   2:Components/Algorithm/GravityEstimateKF.c ****   ******************************************************************************
   3:Components/Algorithm/GravityEstimateKF.c ****   * @file    GravityEstimateKF.c
   4:Components/Algorithm/GravityEstimateKF.c ****   * @author  Hongxi Wong
   5:Components/Algorithm/GravityEstimateKF.c ****   * @version V1.0.1
   6:Components/Algorithm/GravityEstimateKF.c ****   * @date    2020/2/16
   7:Components/Algorithm/GravityEstimateKF.c ****   * @brief
   8:Components/Algorithm/GravityEstimateKF.c ****   ******************************************************************************
   9:Components/Algorithm/GravityEstimateKF.c ****   * @attention
  10:Components/Algorithm/GravityEstimateKF.c ****   *
  11:Components/Algorithm/GravityEstimateKF.c ****   ******************************************************************************
  12:Components/Algorithm/GravityEstimateKF.c ****   */
  13:Components/Algorithm/GravityEstimateKF.c **** #include "GravityEstimateKF.h"
  14:Components/Algorithm/GravityEstimateKF.c **** 
  15:Components/Algorithm/GravityEstimateKF.c **** KalmanFilter_t gEstimateKF;
  16:Components/Algorithm/GravityEstimateKF.c **** float gVec[3];
  17:Components/Algorithm/GravityEstimateKF.c **** 
  18:Components/Algorithm/GravityEstimateKF.c **** float gEstimateKF_F[9] = {1, 0, 0,
  19:Components/Algorithm/GravityEstimateKF.c ****                           0, 1, 0,
  20:Components/Algorithm/GravityEstimateKF.c ****                           0, 0, 1};
  21:Components/Algorithm/GravityEstimateKF.c **** float gEstimateKF_P[9] = {100, 0.1, 0.1,
  22:Components/Algorithm/GravityEstimateKF.c ****                           0.1, 100, 0.1,
  23:Components/Algorithm/GravityEstimateKF.c ****                           0.1, 0.1, 100};
  24:Components/Algorithm/GravityEstimateKF.c **** static float gEstimateKF_Q[9] = {0.01, 0, 0,
  25:Components/Algorithm/GravityEstimateKF.c ****                                  0, 0.01, 0,
  26:Components/Algorithm/GravityEstimateKF.c ****                                  0, 0, 0.01};
  27:Components/Algorithm/GravityEstimateKF.c **** static float gEstimateKF_R[9] = {100000, 0, 0,
  28:Components/Algorithm/GravityEstimateKF.c ****                                  0, 100000, 0,
  29:Components/Algorithm/GravityEstimateKF.c ****                                  0, 0, 100000};
  30:Components/Algorithm/GravityEstimateKF.c **** float gEstimateKF_K[9];
ARM GAS  C:\Users\86152\AppData\Local\Temp\ccpvkknh.s 			page 2


  31:Components/Algorithm/GravityEstimateKF.c **** const float gEstimateKF_H[9] = {1, 0, 0,
  32:Components/Algorithm/GravityEstimateKF.c ****                                 0, 1, 0,
  33:Components/Algorithm/GravityEstimateKF.c ****                                 0, 0, 1};
  34:Components/Algorithm/GravityEstimateKF.c **** 
  35:Components/Algorithm/GravityEstimateKF.c **** static void gEstimateKF_Tuning(KalmanFilter_t *kf);
  36:Components/Algorithm/GravityEstimateKF.c **** 
  37:Components/Algorithm/GravityEstimateKF.c **** void gEstimateKF_Init(float process_noise, float measure_noise)
  38:Components/Algorithm/GravityEstimateKF.c **** {
  39:Components/Algorithm/GravityEstimateKF.c ****     for (uint8_t i = 0; i < 9; i += 4)
  40:Components/Algorithm/GravityEstimateKF.c ****     {
  41:Components/Algorithm/GravityEstimateKF.c ****         gEstimateKF_Q[i] = process_noise;
  42:Components/Algorithm/GravityEstimateKF.c ****         gEstimateKF_R[i] = measure_noise;
  43:Components/Algorithm/GravityEstimateKF.c ****     }
  44:Components/Algorithm/GravityEstimateKF.c **** 
  45:Components/Algorithm/GravityEstimateKF.c ****     Kalman_Filter_Init(&gEstimateKF, 3, 0, 3);
  46:Components/Algorithm/GravityEstimateKF.c ****     gEstimateKF.User_Func0_f = gEstimateKF_Tuning;
  47:Components/Algorithm/GravityEstimateKF.c ****     memcpy(gEstimateKF.F_data, gEstimateKF_F, sizeof(gEstimateKF_F));
  48:Components/Algorithm/GravityEstimateKF.c ****     memcpy(gEstimateKF.P_data, gEstimateKF_P, sizeof(gEstimateKF_P));
  49:Components/Algorithm/GravityEstimateKF.c ****     memcpy(gEstimateKF.Q_data, gEstimateKF_Q, sizeof(gEstimateKF_Q));
  50:Components/Algorithm/GravityEstimateKF.c ****     memcpy(gEstimateKF.R_data, gEstimateKF_R, sizeof(gEstimateKF_R));
  51:Components/Algorithm/GravityEstimateKF.c ****     memcpy(gEstimateKF.H_data, gEstimateKF_H, sizeof(gEstimateKF_H));
  52:Components/Algorithm/GravityEstimateKF.c **** }
  53:Components/Algorithm/GravityEstimateKF.c **** 
  54:Components/Algorithm/GravityEstimateKF.c **** void gEstimateKF_Update(float gx, float gy, float gz, float ax, float ay, float az, float dt)
  55:Components/Algorithm/GravityEstimateKF.c **** {
  56:Components/Algorithm/GravityEstimateKF.c ****     static float gxdt, gydt, gzdt;
  57:Components/Algorithm/GravityEstimateKF.c **** 
  58:Components/Algorithm/GravityEstimateKF.c ****     gxdt = gx * dt;
  59:Components/Algorithm/GravityEstimateKF.c ****     gydt = gy * dt;
  60:Components/Algorithm/GravityEstimateKF.c ****     gzdt = gz * dt;
  61:Components/Algorithm/GravityEstimateKF.c **** 
  62:Components/Algorithm/GravityEstimateKF.c ****     gEstimateKF.F_data[1] = gzdt;
  63:Components/Algorithm/GravityEstimateKF.c ****     gEstimateKF.F_data[2] = -gydt;
  64:Components/Algorithm/GravityEstimateKF.c **** 
  65:Components/Algorithm/GravityEstimateKF.c ****     gEstimateKF.F_data[3] = -gzdt;
  66:Components/Algorithm/GravityEstimateKF.c ****     gEstimateKF.F_data[5] = gxdt;
  67:Components/Algorithm/GravityEstimateKF.c **** 
  68:Components/Algorithm/GravityEstimateKF.c ****     gEstimateKF.F_data[6] = gydt;
  69:Components/Algorithm/GravityEstimateKF.c ****     gEstimateKF.F_data[7] = -gxdt;
  70:Components/Algorithm/GravityEstimateKF.c **** 
  71:Components/Algorithm/GravityEstimateKF.c ****     gEstimateKF.MeasuredVector[0] = ax;
  72:Components/Algorithm/GravityEstimateKF.c ****     gEstimateKF.MeasuredVector[1] = ay;
  73:Components/Algorithm/GravityEstimateKF.c ****     gEstimateKF.MeasuredVector[2] = az;
  74:Components/Algorithm/GravityEstimateKF.c **** 
  75:Components/Algorithm/GravityEstimateKF.c ****     Kalman_Filter_Update(&gEstimateKF);
  76:Components/Algorithm/GravityEstimateKF.c **** 
  77:Components/Algorithm/GravityEstimateKF.c ****     for (uint8_t i = 0; i < 3; i++)
  78:Components/Algorithm/GravityEstimateKF.c ****     {
  79:Components/Algorithm/GravityEstimateKF.c ****         gVec[i] = gEstimateKF.FilteredValue[i];
  80:Components/Algorithm/GravityEstimateKF.c ****     }
  81:Components/Algorithm/GravityEstimateKF.c **** }
  82:Components/Algorithm/GravityEstimateKF.c **** 
  83:Components/Algorithm/GravityEstimateKF.c **** void gEstimateKF_SetQR(float process_noise, float measure_noise)
  84:Components/Algorithm/GravityEstimateKF.c **** {
  85:Components/Algorithm/GravityEstimateKF.c ****     for (uint8_t i = 0; i < 9; i += 4)
  86:Components/Algorithm/GravityEstimateKF.c ****     {
  87:Components/Algorithm/GravityEstimateKF.c ****         gEstimateKF_Q[i] = process_noise;
ARM GAS  C:\Users\86152\AppData\Local\Temp\ccpvkknh.s 			page 3


  88:Components/Algorithm/GravityEstimateKF.c ****         gEstimateKF_R[i] = measure_noise;
  89:Components/Algorithm/GravityEstimateKF.c ****     }
  90:Components/Algorithm/GravityEstimateKF.c **** }
  91:Components/Algorithm/GravityEstimateKF.c **** 
  92:Components/Algorithm/GravityEstimateKF.c **** static void gEstimateKF_Tuning(KalmanFilter_t *kf)
  93:Components/Algorithm/GravityEstimateKF.c **** {
  29              		.loc 1 93 1 view -0
  30              		.cfi_startproc
  31              		@ args = 0, pretend = 0, frame = 0
  32              		@ frame_needed = 0, uses_anonymous_args = 0
  33              		.loc 1 93 1 is_stmt 0 view .LVU1
  34 0000 70B5     		push	{r4, r5, r6, lr}
  35              	.LCFI0:
  36              		.cfi_def_cfa_offset 16
  37              		.cfi_offset 4, -16
  38              		.cfi_offset 5, -12
  39              		.cfi_offset 6, -8
  40              		.cfi_offset 14, -4
  41 0002 8646     		mov	lr, r0
  94:Components/Algorithm/GravityEstimateKF.c ****     memcpy(gEstimateKF_F, kf->F_data, sizeof(gEstimateKF_F));
  42              		.loc 1 94 5 is_stmt 1 view .LVU2
  43              		.loc 1 94 29 is_stmt 0 view .LVU3
  44 0004 D0F80031 		ldr	r3, [r0, #256]
  45              		.loc 1 94 5 view .LVU4
  46 0008 9C46     		mov	ip, r3
  47 000a 364D     		ldr	r5, .L8
  48 000c 03F12006 		add	r6, r3, #32
  49              	.LVL1:
  50              	.L2:
  51              		.loc 1 94 5 view .LVU5
  52 0010 2C46     		mov	r4, r5
  53 0012 DCF80000 		ldr	r0, [ip]	@ unaligned
  54 0016 DCF80410 		ldr	r1, [ip, #4]	@ unaligned
  55 001a DCF80820 		ldr	r2, [ip, #8]	@ unaligned
  56 001e DCF80C30 		ldr	r3, [ip, #12]	@ unaligned
  57 0022 0FC4     		stmia	r4!, {r0, r1, r2, r3}
  58 0024 0CF1100C 		add	ip, ip, #16
  59 0028 2546     		mov	r5, r4
  60 002a B445     		cmp	ip, r6
  61 002c F0D1     		bne	.L2
  62 002e DCF80000 		ldr	r0, [ip]	@ unaligned
  63 0032 2060     		str	r0, [r4]
  95:Components/Algorithm/GravityEstimateKF.c ****     memcpy(gEstimateKF_P, kf->P_data, sizeof(gEstimateKF_P));
  64              		.loc 1 95 5 is_stmt 1 view .LVU6
  65              		.loc 1 95 29 is_stmt 0 view .LVU7
  66 0034 DEF8F830 		ldr	r3, [lr, #248]
  67              		.loc 1 95 5 view .LVU8
  68 0038 9C46     		mov	ip, r3
  69 003a 2B4D     		ldr	r5, .L8+4
  70 003c 03F12006 		add	r6, r3, #32
  71              	.L3:
  72 0040 2C46     		mov	r4, r5
  73 0042 DCF80000 		ldr	r0, [ip]	@ unaligned
  74 0046 DCF80410 		ldr	r1, [ip, #4]	@ unaligned
  75 004a DCF80820 		ldr	r2, [ip, #8]	@ unaligned
  76 004e DCF80C30 		ldr	r3, [ip, #12]	@ unaligned
  77 0052 0FC4     		stmia	r4!, {r0, r1, r2, r3}
ARM GAS  C:\Users\86152\AppData\Local\Temp\ccpvkknh.s 			page 4


  78 0054 0CF1100C 		add	ip, ip, #16
  79 0058 2546     		mov	r5, r4
  80 005a B445     		cmp	ip, r6
  81 005c F0D1     		bne	.L3
  82 005e DCF80000 		ldr	r0, [ip]	@ unaligned
  83 0062 2060     		str	r0, [r4]
  96:Components/Algorithm/GravityEstimateKF.c ****     memcpy(kf->Q_data, gEstimateKF_Q, sizeof(gEstimateKF_Q));
  84              		.loc 1 96 5 is_stmt 1 view .LVU9
  85 0064 214D     		ldr	r5, .L8+8
  86 0066 DEF81441 		ldr	r4, [lr, #276]
  87 006a 05F12006 		add	r6, r5, #32
  88              	.L4:
  89 006e AC46     		mov	ip, r5
  90 0070 BCE80F00 		ldmia	ip!, {r0, r1, r2, r3}
  91 0074 2060     		str	r0, [r4]	@ unaligned
  92 0076 6160     		str	r1, [r4, #4]	@ unaligned
  93 0078 A260     		str	r2, [r4, #8]	@ unaligned
  94 007a E360     		str	r3, [r4, #12]	@ unaligned
  95 007c 6546     		mov	r5, ip
  96 007e 1034     		adds	r4, r4, #16
  97 0080 B445     		cmp	ip, r6
  98 0082 F4D1     		bne	.L4
  99 0084 DCF80000 		ldr	r0, [ip]
 100 0088 2060     		str	r0, [r4]	@ unaligned
  97:Components/Algorithm/GravityEstimateKF.c ****     memcpy(kf->R_data, gEstimateKF_R, sizeof(gEstimateKF_R));
 101              		.loc 1 97 5 view .LVU10
 102 008a 194D     		ldr	r5, .L8+12
 103 008c DEF81841 		ldr	r4, [lr, #280]
 104 0090 05F12006 		add	r6, r5, #32
 105              	.L5:
 106 0094 AC46     		mov	ip, r5
 107 0096 BCE80F00 		ldmia	ip!, {r0, r1, r2, r3}
 108 009a 2060     		str	r0, [r4]	@ unaligned
 109 009c 6160     		str	r1, [r4, #4]	@ unaligned
 110 009e A260     		str	r2, [r4, #8]	@ unaligned
 111 00a0 E360     		str	r3, [r4, #12]	@ unaligned
 112 00a2 6546     		mov	r5, ip
 113 00a4 1034     		adds	r4, r4, #16
 114 00a6 B445     		cmp	ip, r6
 115 00a8 F4D1     		bne	.L5
 116 00aa DCF80000 		ldr	r0, [ip]
 117 00ae 2060     		str	r0, [r4]	@ unaligned
  98:Components/Algorithm/GravityEstimateKF.c ****     memcpy(gEstimateKF_K, kf->K_data, sizeof(gEstimateKF_K));
 118              		.loc 1 98 5 view .LVU11
 119              		.loc 1 98 29 is_stmt 0 view .LVU12
 120 00b0 DEF81C31 		ldr	r3, [lr, #284]
 121              		.loc 1 98 5 view .LVU13
 122 00b4 9C46     		mov	ip, r3
 123 00b6 0F4D     		ldr	r5, .L8+16
 124 00b8 03F1200E 		add	lr, r3, #32
 125              	.LVL2:
 126              	.L6:
 127              		.loc 1 98 5 view .LVU14
 128 00bc 2C46     		mov	r4, r5
 129 00be DCF80000 		ldr	r0, [ip]	@ unaligned
 130 00c2 DCF80410 		ldr	r1, [ip, #4]	@ unaligned
 131 00c6 DCF80820 		ldr	r2, [ip, #8]	@ unaligned
ARM GAS  C:\Users\86152\AppData\Local\Temp\ccpvkknh.s 			page 5


 132 00ca DCF80C30 		ldr	r3, [ip, #12]	@ unaligned
 133 00ce 0FC4     		stmia	r4!, {r0, r1, r2, r3}
 134 00d0 0CF1100C 		add	ip, ip, #16
 135 00d4 2546     		mov	r5, r4
 136 00d6 F445     		cmp	ip, lr
 137 00d8 F0D1     		bne	.L6
 138 00da DCF80000 		ldr	r0, [ip]	@ unaligned
 139 00de 2060     		str	r0, [r4]
  99:Components/Algorithm/GravityEstimateKF.c **** }
 140              		.loc 1 99 1 view .LVU15
 141 00e0 70BD     		pop	{r4, r5, r6, pc}
 142              	.L9:
 143 00e2 00BF     		.align	2
 144              	.L8:
 145 00e4 00000000 		.word	.LANCHOR0
 146 00e8 00000000 		.word	.LANCHOR1
 147 00ec 00000000 		.word	.LANCHOR2
 148 00f0 00000000 		.word	.LANCHOR3
 149 00f4 00000000 		.word	.LANCHOR4
 150              		.cfi_endproc
 151              	.LFE171:
 153              		.section	.text.gEstimateKF_Init,"ax",%progbits
 154              		.align	1
 155              		.global	gEstimateKF_Init
 156              		.syntax unified
 157              		.thumb
 158              		.thumb_func
 160              	gEstimateKF_Init:
 161              	.LVL3:
 162              	.LFB168:
  38:Components/Algorithm/GravityEstimateKF.c ****     for (uint8_t i = 0; i < 9; i += 4)
 163              		.loc 1 38 1 is_stmt 1 view -0
 164              		.cfi_startproc
 165              		@ args = 0, pretend = 0, frame = 0
 166              		@ frame_needed = 0, uses_anonymous_args = 0
  38:Components/Algorithm/GravityEstimateKF.c ****     for (uint8_t i = 0; i < 9; i += 4)
 167              		.loc 1 38 1 is_stmt 0 view .LVU17
 168 0000 70B5     		push	{r4, r5, r6, lr}
 169              	.LCFI1:
 170              		.cfi_def_cfa_offset 16
 171              		.cfi_offset 4, -16
 172              		.cfi_offset 5, -12
 173              		.cfi_offset 6, -8
 174              		.cfi_offset 14, -4
  39:Components/Algorithm/GravityEstimateKF.c ****     {
 175              		.loc 1 39 5 is_stmt 1 view .LVU18
 176              	.LBB2:
  39:Components/Algorithm/GravityEstimateKF.c ****     {
 177              		.loc 1 39 10 view .LVU19
 178              	.LVL4:
  39:Components/Algorithm/GravityEstimateKF.c ****     {
 179              		.loc 1 39 18 is_stmt 0 view .LVU20
 180 0002 0023     		movs	r3, #0
  39:Components/Algorithm/GravityEstimateKF.c ****     {
 181              		.loc 1 39 5 view .LVU21
 182 0004 0BE0     		b	.L11
 183              	.LVL5:
ARM GAS  C:\Users\86152\AppData\Local\Temp\ccpvkknh.s 			page 6


 184              	.L12:
  41:Components/Algorithm/GravityEstimateKF.c ****         gEstimateKF_R[i] = measure_noise;
 185              		.loc 1 41 9 is_stmt 1 discriminator 3 view .LVU22
  41:Components/Algorithm/GravityEstimateKF.c ****         gEstimateKF_R[i] = measure_noise;
 186              		.loc 1 41 26 is_stmt 0 discriminator 3 view .LVU23
 187 0006 3C4A     		ldr	r2, .L19
 188 0008 02EB8302 		add	r2, r2, r3, lsl #2
 189 000c 82ED000A 		vstr.32	s0, [r2]
  42:Components/Algorithm/GravityEstimateKF.c ****     }
 190              		.loc 1 42 9 is_stmt 1 discriminator 3 view .LVU24
  42:Components/Algorithm/GravityEstimateKF.c ****     }
 191              		.loc 1 42 26 is_stmt 0 discriminator 3 view .LVU25
 192 0010 3A4A     		ldr	r2, .L19+4
 193 0012 02EB8302 		add	r2, r2, r3, lsl #2
 194 0016 C2ED000A 		vstr.32	s1, [r2]
  39:Components/Algorithm/GravityEstimateKF.c ****     {
 195              		.loc 1 39 32 is_stmt 1 discriminator 3 view .LVU26
  39:Components/Algorithm/GravityEstimateKF.c ****     {
 196              		.loc 1 39 34 is_stmt 0 discriminator 3 view .LVU27
 197 001a 0433     		adds	r3, r3, #4
 198              	.LVL6:
  39:Components/Algorithm/GravityEstimateKF.c ****     {
 199              		.loc 1 39 34 discriminator 3 view .LVU28
 200 001c DBB2     		uxtb	r3, r3
 201              	.LVL7:
 202              	.L11:
  39:Components/Algorithm/GravityEstimateKF.c ****     {
 203              		.loc 1 39 25 is_stmt 1 discriminator 1 view .LVU29
  39:Components/Algorithm/GravityEstimateKF.c ****     {
 204              		.loc 1 39 5 is_stmt 0 discriminator 1 view .LVU30
 205 001e 082B     		cmp	r3, #8
 206 0020 F1D9     		bls	.L12
 207              	.LBE2:
  45:Components/Algorithm/GravityEstimateKF.c ****     gEstimateKF.User_Func0_f = gEstimateKF_Tuning;
 208              		.loc 1 45 5 is_stmt 1 view .LVU31
 209 0022 374C     		ldr	r4, .L19+8
 210 0024 0323     		movs	r3, #3
 211              	.LVL8:
  45:Components/Algorithm/GravityEstimateKF.c ****     gEstimateKF.User_Func0_f = gEstimateKF_Tuning;
 212              		.loc 1 45 5 is_stmt 0 view .LVU32
 213 0026 0022     		movs	r2, #0
 214 0028 1946     		mov	r1, r3
 215 002a 2046     		mov	r0, r4
 216 002c FFF7FEFF 		bl	Kalman_Filter_Init
 217              	.LVL9:
  46:Components/Algorithm/GravityEstimateKF.c ****     memcpy(gEstimateKF.F_data, gEstimateKF_F, sizeof(gEstimateKF_F));
 218              		.loc 1 46 5 is_stmt 1 view .LVU33
  46:Components/Algorithm/GravityEstimateKF.c ****     memcpy(gEstimateKF.F_data, gEstimateKF_F, sizeof(gEstimateKF_F));
 219              		.loc 1 46 30 is_stmt 0 view .LVU34
 220 0030 344B     		ldr	r3, .L19+12
 221 0032 C4F8CC30 		str	r3, [r4, #204]
  47:Components/Algorithm/GravityEstimateKF.c ****     memcpy(gEstimateKF.P_data, gEstimateKF_P, sizeof(gEstimateKF_P));
 222              		.loc 1 47 5 is_stmt 1 view .LVU35
 223 0036 344E     		ldr	r6, .L19+16
 224 0038 D4F80051 		ldr	r5, [r4, #256]
 225 003c 06F1200C 		add	ip, r6, #32
 226              	.L13:
ARM GAS  C:\Users\86152\AppData\Local\Temp\ccpvkknh.s 			page 7


 227 0040 3446     		mov	r4, r6
 228 0042 0FCC     		ldmia	r4!, {r0, r1, r2, r3}
 229 0044 2860     		str	r0, [r5]	@ unaligned
 230 0046 6960     		str	r1, [r5, #4]	@ unaligned
 231 0048 AA60     		str	r2, [r5, #8]	@ unaligned
 232 004a EB60     		str	r3, [r5, #12]	@ unaligned
 233 004c 2646     		mov	r6, r4
 234 004e 1035     		adds	r5, r5, #16
 235 0050 6445     		cmp	r4, ip
 236 0052 F5D1     		bne	.L13
 237 0054 2068     		ldr	r0, [r4]
 238 0056 2860     		str	r0, [r5]	@ unaligned
  48:Components/Algorithm/GravityEstimateKF.c ****     memcpy(gEstimateKF.Q_data, gEstimateKF_Q, sizeof(gEstimateKF_Q));
 239              		.loc 1 48 5 view .LVU36
 240 0058 2C4E     		ldr	r6, .L19+20
 241 005a 294B     		ldr	r3, .L19+8
 242 005c D3F8F850 		ldr	r5, [r3, #248]
 243 0060 06F1200C 		add	ip, r6, #32
 244              	.L14:
 245 0064 3446     		mov	r4, r6
 246 0066 0FCC     		ldmia	r4!, {r0, r1, r2, r3}
 247 0068 2860     		str	r0, [r5]	@ unaligned
 248 006a 6960     		str	r1, [r5, #4]	@ unaligned
 249 006c AA60     		str	r2, [r5, #8]	@ unaligned
 250 006e EB60     		str	r3, [r5, #12]	@ unaligned
 251 0070 2646     		mov	r6, r4
 252 0072 1035     		adds	r5, r5, #16
 253 0074 6445     		cmp	r4, ip
 254 0076 F5D1     		bne	.L14
 255 0078 2068     		ldr	r0, [r4]
 256 007a 2860     		str	r0, [r5]	@ unaligned
  49:Components/Algorithm/GravityEstimateKF.c ****     memcpy(gEstimateKF.R_data, gEstimateKF_R, sizeof(gEstimateKF_R));
 257              		.loc 1 49 5 view .LVU37
 258 007c 1E4D     		ldr	r5, .L19
 259 007e 204B     		ldr	r3, .L19+8
 260 0080 D3F81441 		ldr	r4, [r3, #276]
 261 0084 05F12006 		add	r6, r5, #32
 262              	.L15:
 263 0088 AC46     		mov	ip, r5
 264 008a BCE80F00 		ldmia	ip!, {r0, r1, r2, r3}
 265 008e 2060     		str	r0, [r4]	@ unaligned
 266 0090 6160     		str	r1, [r4, #4]	@ unaligned
 267 0092 A260     		str	r2, [r4, #8]	@ unaligned
 268 0094 E360     		str	r3, [r4, #12]	@ unaligned
 269 0096 6546     		mov	r5, ip
 270 0098 1034     		adds	r4, r4, #16
 271 009a B445     		cmp	ip, r6
 272 009c F4D1     		bne	.L15
 273 009e DCF80000 		ldr	r0, [ip]
 274 00a2 2060     		str	r0, [r4]	@ unaligned
  50:Components/Algorithm/GravityEstimateKF.c ****     memcpy(gEstimateKF.H_data, gEstimateKF_H, sizeof(gEstimateKF_H));
 275              		.loc 1 50 5 view .LVU38
 276 00a4 154D     		ldr	r5, .L19+4
 277 00a6 164B     		ldr	r3, .L19+8
 278 00a8 D3F81841 		ldr	r4, [r3, #280]
 279 00ac 05F12006 		add	r6, r5, #32
 280              	.L16:
ARM GAS  C:\Users\86152\AppData\Local\Temp\ccpvkknh.s 			page 8


 281 00b0 AC46     		mov	ip, r5
 282 00b2 BCE80F00 		ldmia	ip!, {r0, r1, r2, r3}
 283 00b6 2060     		str	r0, [r4]	@ unaligned
 284 00b8 6160     		str	r1, [r4, #4]	@ unaligned
 285 00ba A260     		str	r2, [r4, #8]	@ unaligned
 286 00bc E360     		str	r3, [r4, #12]	@ unaligned
 287 00be 6546     		mov	r5, ip
 288 00c0 1034     		adds	r4, r4, #16
 289 00c2 B445     		cmp	ip, r6
 290 00c4 F4D1     		bne	.L16
 291 00c6 DCF80000 		ldr	r0, [ip]
 292 00ca 2060     		str	r0, [r4]	@ unaligned
  51:Components/Algorithm/GravityEstimateKF.c **** }
 293              		.loc 1 51 5 view .LVU39
 294 00cc 104D     		ldr	r5, .L19+24
 295 00ce 0C4B     		ldr	r3, .L19+8
 296 00d0 D3F80C41 		ldr	r4, [r3, #268]
 297 00d4 05F12006 		add	r6, r5, #32
 298              	.L17:
 299 00d8 AC46     		mov	ip, r5
 300 00da BCE80F00 		ldmia	ip!, {r0, r1, r2, r3}
 301 00de 2060     		str	r0, [r4]	@ unaligned
 302 00e0 6160     		str	r1, [r4, #4]	@ unaligned
 303 00e2 A260     		str	r2, [r4, #8]	@ unaligned
 304 00e4 E360     		str	r3, [r4, #12]	@ unaligned
 305 00e6 6546     		mov	r5, ip
 306 00e8 1034     		adds	r4, r4, #16
 307 00ea B445     		cmp	ip, r6
 308 00ec F4D1     		bne	.L17
 309 00ee DCF80000 		ldr	r0, [ip]
 310 00f2 2060     		str	r0, [r4]	@ unaligned
  52:Components/Algorithm/GravityEstimateKF.c **** 
 311              		.loc 1 52 1 is_stmt 0 view .LVU40
 312 00f4 70BD     		pop	{r4, r5, r6, pc}
 313              	.L20:
 314 00f6 00BF     		.align	2
 315              	.L19:
 316 00f8 00000000 		.word	.LANCHOR2
 317 00fc 00000000 		.word	.LANCHOR3
 318 0100 00000000 		.word	.LANCHOR5
 319 0104 00000000 		.word	gEstimateKF_Tuning
 320 0108 00000000 		.word	.LANCHOR0
 321 010c 00000000 		.word	.LANCHOR1
 322 0110 00000000 		.word	.LANCHOR6
 323              		.cfi_endproc
 324              	.LFE168:
 326              		.section	.text.gEstimateKF_Update,"ax",%progbits
 327              		.align	1
 328              		.global	gEstimateKF_Update
 329              		.syntax unified
 330              		.thumb
 331              		.thumb_func
 333              	gEstimateKF_Update:
 334              	.LVL10:
 335              	.LFB169:
  55:Components/Algorithm/GravityEstimateKF.c ****     static float gxdt, gydt, gzdt;
 336              		.loc 1 55 1 is_stmt 1 view -0
ARM GAS  C:\Users\86152\AppData\Local\Temp\ccpvkknh.s 			page 9


 337              		.cfi_startproc
 338              		@ args = 0, pretend = 0, frame = 0
 339              		@ frame_needed = 0, uses_anonymous_args = 0
  55:Components/Algorithm/GravityEstimateKF.c ****     static float gxdt, gydt, gzdt;
 340              		.loc 1 55 1 is_stmt 0 view .LVU42
 341 0000 08B5     		push	{r3, lr}
 342              	.LCFI2:
 343              		.cfi_def_cfa_offset 8
 344              		.cfi_offset 3, -8
 345              		.cfi_offset 14, -4
  56:Components/Algorithm/GravityEstimateKF.c **** 
 346              		.loc 1 56 5 is_stmt 1 view .LVU43
  58:Components/Algorithm/GravityEstimateKF.c ****     gydt = gy * dt;
 347              		.loc 1 58 5 view .LVU44
  58:Components/Algorithm/GravityEstimateKF.c ****     gydt = gy * dt;
 348              		.loc 1 58 15 is_stmt 0 view .LVU45
 349 0002 20EE030A 		vmul.f32	s0, s0, s6
 350              	.LVL11:
  58:Components/Algorithm/GravityEstimateKF.c ****     gydt = gy * dt;
 351              		.loc 1 58 10 view .LVU46
 352 0006 234B     		ldr	r3, .L25
 353 0008 83ED000A 		vstr.32	s0, [r3]
  59:Components/Algorithm/GravityEstimateKF.c ****     gzdt = gz * dt;
 354              		.loc 1 59 5 is_stmt 1 view .LVU47
  59:Components/Algorithm/GravityEstimateKF.c ****     gzdt = gz * dt;
 355              		.loc 1 59 15 is_stmt 0 view .LVU48
 356 000c 63EE200A 		vmul.f32	s1, s6, s1
 357              	.LVL12:
  59:Components/Algorithm/GravityEstimateKF.c ****     gzdt = gz * dt;
 358              		.loc 1 59 10 view .LVU49
 359 0010 214B     		ldr	r3, .L25+4
 360 0012 C3ED000A 		vstr.32	s1, [r3]
  60:Components/Algorithm/GravityEstimateKF.c **** 
 361              		.loc 1 60 5 is_stmt 1 view .LVU50
  60:Components/Algorithm/GravityEstimateKF.c **** 
 362              		.loc 1 60 15 is_stmt 0 view .LVU51
 363 0016 23EE013A 		vmul.f32	s6, s6, s2
 364              	.LVL13:
  60:Components/Algorithm/GravityEstimateKF.c **** 
 365              		.loc 1 60 10 view .LVU52
 366 001a 204B     		ldr	r3, .L25+8
 367 001c 83ED003A 		vstr.32	s6, [r3]
  62:Components/Algorithm/GravityEstimateKF.c ****     gEstimateKF.F_data[2] = -gydt;
 368              		.loc 1 62 5 is_stmt 1 view .LVU53
  62:Components/Algorithm/GravityEstimateKF.c ****     gEstimateKF.F_data[2] = -gydt;
 369              		.loc 1 62 16 is_stmt 0 view .LVU54
 370 0020 1F48     		ldr	r0, .L25+12
 371 0022 D0F80031 		ldr	r3, [r0, #256]
  62:Components/Algorithm/GravityEstimateKF.c ****     gEstimateKF.F_data[2] = -gydt;
 372              		.loc 1 62 27 view .LVU55
 373 0026 83ED013A 		vstr.32	s6, [r3, #4]
  63:Components/Algorithm/GravityEstimateKF.c **** 
 374              		.loc 1 63 5 is_stmt 1 view .LVU56
  63:Components/Algorithm/GravityEstimateKF.c **** 
 375              		.loc 1 63 16 is_stmt 0 view .LVU57
 376 002a D0F80031 		ldr	r3, [r0, #256]
  63:Components/Algorithm/GravityEstimateKF.c **** 
ARM GAS  C:\Users\86152\AppData\Local\Temp\ccpvkknh.s 			page 10


 377              		.loc 1 63 29 view .LVU58
 378 002e F1EE607A 		vneg.f32	s15, s1
  63:Components/Algorithm/GravityEstimateKF.c **** 
 379              		.loc 1 63 27 view .LVU59
 380 0032 C3ED027A 		vstr.32	s15, [r3, #8]
  65:Components/Algorithm/GravityEstimateKF.c ****     gEstimateKF.F_data[5] = gxdt;
 381              		.loc 1 65 5 is_stmt 1 view .LVU60
  65:Components/Algorithm/GravityEstimateKF.c ****     gEstimateKF.F_data[5] = gxdt;
 382              		.loc 1 65 16 is_stmt 0 view .LVU61
 383 0036 D0F80031 		ldr	r3, [r0, #256]
  65:Components/Algorithm/GravityEstimateKF.c ****     gEstimateKF.F_data[5] = gxdt;
 384              		.loc 1 65 29 view .LVU62
 385 003a B1EE433A 		vneg.f32	s6, s6
  65:Components/Algorithm/GravityEstimateKF.c ****     gEstimateKF.F_data[5] = gxdt;
 386              		.loc 1 65 27 view .LVU63
 387 003e 83ED033A 		vstr.32	s6, [r3, #12]
  66:Components/Algorithm/GravityEstimateKF.c **** 
 388              		.loc 1 66 5 is_stmt 1 view .LVU64
  66:Components/Algorithm/GravityEstimateKF.c **** 
 389              		.loc 1 66 16 is_stmt 0 view .LVU65
 390 0042 D0F80031 		ldr	r3, [r0, #256]
  66:Components/Algorithm/GravityEstimateKF.c **** 
 391              		.loc 1 66 27 view .LVU66
 392 0046 83ED050A 		vstr.32	s0, [r3, #20]
  68:Components/Algorithm/GravityEstimateKF.c ****     gEstimateKF.F_data[7] = -gxdt;
 393              		.loc 1 68 5 is_stmt 1 view .LVU67
  68:Components/Algorithm/GravityEstimateKF.c ****     gEstimateKF.F_data[7] = -gxdt;
 394              		.loc 1 68 16 is_stmt 0 view .LVU68
 395 004a D0F80031 		ldr	r3, [r0, #256]
  68:Components/Algorithm/GravityEstimateKF.c ****     gEstimateKF.F_data[7] = -gxdt;
 396              		.loc 1 68 27 view .LVU69
 397 004e C3ED060A 		vstr.32	s1, [r3, #24]
  69:Components/Algorithm/GravityEstimateKF.c **** 
 398              		.loc 1 69 5 is_stmt 1 view .LVU70
  69:Components/Algorithm/GravityEstimateKF.c **** 
 399              		.loc 1 69 16 is_stmt 0 view .LVU71
 400 0052 D0F80031 		ldr	r3, [r0, #256]
  69:Components/Algorithm/GravityEstimateKF.c **** 
 401              		.loc 1 69 29 view .LVU72
 402 0056 B1EE400A 		vneg.f32	s0, s0
  69:Components/Algorithm/GravityEstimateKF.c **** 
 403              		.loc 1 69 27 view .LVU73
 404 005a 83ED070A 		vstr.32	s0, [r3, #28]
  71:Components/Algorithm/GravityEstimateKF.c ****     gEstimateKF.MeasuredVector[1] = ay;
 405              		.loc 1 71 5 is_stmt 1 view .LVU74
  71:Components/Algorithm/GravityEstimateKF.c ****     gEstimateKF.MeasuredVector[1] = ay;
 406              		.loc 1 71 16 is_stmt 0 view .LVU75
 407 005e 4368     		ldr	r3, [r0, #4]
  71:Components/Algorithm/GravityEstimateKF.c ****     gEstimateKF.MeasuredVector[1] = ay;
 408              		.loc 1 71 35 view .LVU76
 409 0060 C3ED001A 		vstr.32	s3, [r3]
  72:Components/Algorithm/GravityEstimateKF.c ****     gEstimateKF.MeasuredVector[2] = az;
 410              		.loc 1 72 5 is_stmt 1 view .LVU77
  72:Components/Algorithm/GravityEstimateKF.c ****     gEstimateKF.MeasuredVector[2] = az;
 411              		.loc 1 72 16 is_stmt 0 view .LVU78
 412 0064 4368     		ldr	r3, [r0, #4]
  72:Components/Algorithm/GravityEstimateKF.c ****     gEstimateKF.MeasuredVector[2] = az;
ARM GAS  C:\Users\86152\AppData\Local\Temp\ccpvkknh.s 			page 11


 413              		.loc 1 72 35 view .LVU79
 414 0066 83ED012A 		vstr.32	s4, [r3, #4]
  73:Components/Algorithm/GravityEstimateKF.c **** 
 415              		.loc 1 73 5 is_stmt 1 view .LVU80
  73:Components/Algorithm/GravityEstimateKF.c **** 
 416              		.loc 1 73 16 is_stmt 0 view .LVU81
 417 006a 4368     		ldr	r3, [r0, #4]
  73:Components/Algorithm/GravityEstimateKF.c **** 
 418              		.loc 1 73 35 view .LVU82
 419 006c C3ED022A 		vstr.32	s5, [r3, #8]
  75:Components/Algorithm/GravityEstimateKF.c **** 
 420              		.loc 1 75 5 is_stmt 1 view .LVU83
 421 0070 FFF7FEFF 		bl	Kalman_Filter_Update
 422              	.LVL14:
  77:Components/Algorithm/GravityEstimateKF.c ****     {
 423              		.loc 1 77 5 view .LVU84
 424              	.LBB3:
  77:Components/Algorithm/GravityEstimateKF.c ****     {
 425              		.loc 1 77 10 view .LVU85
  77:Components/Algorithm/GravityEstimateKF.c ****     {
 426              		.loc 1 77 18 is_stmt 0 view .LVU86
 427 0074 0023     		movs	r3, #0
  77:Components/Algorithm/GravityEstimateKF.c ****     {
 428              		.loc 1 77 5 view .LVU87
 429 0076 0AE0     		b	.L22
 430              	.LVL15:
 431              	.L23:
  79:Components/Algorithm/GravityEstimateKF.c ****     }
 432              		.loc 1 79 9 is_stmt 1 discriminator 3 view .LVU88
  79:Components/Algorithm/GravityEstimateKF.c ****     }
 433              		.loc 1 79 30 is_stmt 0 discriminator 3 view .LVU89
 434 0078 094A     		ldr	r2, .L25+12
 435 007a 1268     		ldr	r2, [r2]
  79:Components/Algorithm/GravityEstimateKF.c ****     }
 436              		.loc 1 79 44 discriminator 3 view .LVU90
 437 007c 02EB8302 		add	r2, r2, r3, lsl #2
 438 0080 1168     		ldr	r1, [r2]	@ float
  79:Components/Algorithm/GravityEstimateKF.c ****     }
 439              		.loc 1 79 17 discriminator 3 view .LVU91
 440 0082 084A     		ldr	r2, .L25+16
 441 0084 02EB8302 		add	r2, r2, r3, lsl #2
 442 0088 1160     		str	r1, [r2]	@ float
  77:Components/Algorithm/GravityEstimateKF.c ****     {
 443              		.loc 1 77 32 is_stmt 1 discriminator 3 view .LVU92
  77:Components/Algorithm/GravityEstimateKF.c ****     {
 444              		.loc 1 77 33 is_stmt 0 discriminator 3 view .LVU93
 445 008a 0133     		adds	r3, r3, #1
 446              	.LVL16:
  77:Components/Algorithm/GravityEstimateKF.c ****     {
 447              		.loc 1 77 33 discriminator 3 view .LVU94
 448 008c DBB2     		uxtb	r3, r3
 449              	.LVL17:
 450              	.L22:
  77:Components/Algorithm/GravityEstimateKF.c ****     {
 451              		.loc 1 77 25 is_stmt 1 discriminator 1 view .LVU95
  77:Components/Algorithm/GravityEstimateKF.c ****     {
 452              		.loc 1 77 5 is_stmt 0 discriminator 1 view .LVU96
ARM GAS  C:\Users\86152\AppData\Local\Temp\ccpvkknh.s 			page 12


 453 008e 022B     		cmp	r3, #2
 454 0090 F2D9     		bls	.L23
 455              	.LBE3:
  81:Components/Algorithm/GravityEstimateKF.c **** 
 456              		.loc 1 81 1 view .LVU97
 457 0092 08BD     		pop	{r3, pc}
 458              	.LVL18:
 459              	.L26:
  81:Components/Algorithm/GravityEstimateKF.c **** 
 460              		.loc 1 81 1 view .LVU98
 461              		.align	2
 462              	.L25:
 463 0094 00000000 		.word	.LANCHOR7
 464 0098 00000000 		.word	.LANCHOR8
 465 009c 00000000 		.word	.LANCHOR9
 466 00a0 00000000 		.word	.LANCHOR5
 467 00a4 00000000 		.word	.LANCHOR10
 468              		.cfi_endproc
 469              	.LFE169:
 471              		.section	.text.gEstimateKF_SetQR,"ax",%progbits
 472              		.align	1
 473              		.global	gEstimateKF_SetQR
 474              		.syntax unified
 475              		.thumb
 476              		.thumb_func
 478              	gEstimateKF_SetQR:
 479              	.LVL19:
 480              	.LFB170:
  84:Components/Algorithm/GravityEstimateKF.c ****     for (uint8_t i = 0; i < 9; i += 4)
 481              		.loc 1 84 1 is_stmt 1 view -0
 482              		.cfi_startproc
 483              		@ args = 0, pretend = 0, frame = 0
 484              		@ frame_needed = 0, uses_anonymous_args = 0
 485              		@ link register save eliminated.
  85:Components/Algorithm/GravityEstimateKF.c ****     {
 486              		.loc 1 85 5 view .LVU100
 487              	.LBB4:
  85:Components/Algorithm/GravityEstimateKF.c ****     {
 488              		.loc 1 85 10 view .LVU101
  85:Components/Algorithm/GravityEstimateKF.c ****     {
 489              		.loc 1 85 18 is_stmt 0 view .LVU102
 490 0000 0023     		movs	r3, #0
  85:Components/Algorithm/GravityEstimateKF.c ****     {
 491              		.loc 1 85 5 view .LVU103
 492 0002 0BE0     		b	.L28
 493              	.LVL20:
 494              	.L29:
  87:Components/Algorithm/GravityEstimateKF.c ****         gEstimateKF_R[i] = measure_noise;
 495              		.loc 1 87 9 is_stmt 1 discriminator 3 view .LVU104
  87:Components/Algorithm/GravityEstimateKF.c ****         gEstimateKF_R[i] = measure_noise;
 496              		.loc 1 87 26 is_stmt 0 discriminator 3 view .LVU105
 497 0004 074A     		ldr	r2, .L30
 498 0006 02EB8302 		add	r2, r2, r3, lsl #2
 499 000a 82ED000A 		vstr.32	s0, [r2]
  88:Components/Algorithm/GravityEstimateKF.c ****     }
 500              		.loc 1 88 9 is_stmt 1 discriminator 3 view .LVU106
  88:Components/Algorithm/GravityEstimateKF.c ****     }
ARM GAS  C:\Users\86152\AppData\Local\Temp\ccpvkknh.s 			page 13


 501              		.loc 1 88 26 is_stmt 0 discriminator 3 view .LVU107
 502 000e 064A     		ldr	r2, .L30+4
 503 0010 02EB8302 		add	r2, r2, r3, lsl #2
 504 0014 C2ED000A 		vstr.32	s1, [r2]
  85:Components/Algorithm/GravityEstimateKF.c ****     {
 505              		.loc 1 85 32 is_stmt 1 discriminator 3 view .LVU108
  85:Components/Algorithm/GravityEstimateKF.c ****     {
 506              		.loc 1 85 34 is_stmt 0 discriminator 3 view .LVU109
 507 0018 0433     		adds	r3, r3, #4
 508              	.LVL21:
  85:Components/Algorithm/GravityEstimateKF.c ****     {
 509              		.loc 1 85 34 discriminator 3 view .LVU110
 510 001a DBB2     		uxtb	r3, r3
 511              	.LVL22:
 512              	.L28:
  85:Components/Algorithm/GravityEstimateKF.c ****     {
 513              		.loc 1 85 25 is_stmt 1 discriminator 1 view .LVU111
  85:Components/Algorithm/GravityEstimateKF.c ****     {
 514              		.loc 1 85 5 is_stmt 0 discriminator 1 view .LVU112
 515 001c 082B     		cmp	r3, #8
 516 001e F1D9     		bls	.L29
 517              	.LBE4:
  90:Components/Algorithm/GravityEstimateKF.c **** 
 518              		.loc 1 90 1 view .LVU113
 519 0020 7047     		bx	lr
 520              	.L31:
 521 0022 00BF     		.align	2
 522              	.L30:
 523 0024 00000000 		.word	.LANCHOR2
 524 0028 00000000 		.word	.LANCHOR3
 525              		.cfi_endproc
 526              	.LFE170:
 528              		.global	gEstimateKF_H
 529              		.global	gEstimateKF_K
 530              		.global	gEstimateKF_P
 531              		.global	gEstimateKF_F
 532              		.global	gVec
 533              		.global	gEstimateKF
 534              		.section	.bss.gEstimateKF,"aw",%nobits
 535              		.align	2
 536              		.set	.LANCHOR5,. + 0
 539              	gEstimateKF:
 540 0000 00000000 		.space	308
 540      00000000 
 540      00000000 
 540      00000000 
 540      00000000 
 541              		.section	.bss.gEstimateKF_K,"aw",%nobits
 542              		.align	2
 543              		.set	.LANCHOR4,. + 0
 546              	gEstimateKF_K:
 547 0000 00000000 		.space	36
 547      00000000 
 547      00000000 
 547      00000000 
 547      00000000 
 548              		.section	.bss.gVec,"aw",%nobits
ARM GAS  C:\Users\86152\AppData\Local\Temp\ccpvkknh.s 			page 14


 549              		.align	2
 550              		.set	.LANCHOR10,. + 0
 553              	gVec:
 554 0000 00000000 		.space	12
 554      00000000 
 554      00000000 
 555              		.section	.bss.gxdt.2,"aw",%nobits
 556              		.align	2
 557              		.set	.LANCHOR7,. + 0
 560              	gxdt.2:
 561 0000 00000000 		.space	4
 562              		.section	.bss.gydt.1,"aw",%nobits
 563              		.align	2
 564              		.set	.LANCHOR8,. + 0
 567              	gydt.1:
 568 0000 00000000 		.space	4
 569              		.section	.bss.gzdt.0,"aw",%nobits
 570              		.align	2
 571              		.set	.LANCHOR9,. + 0
 574              	gzdt.0:
 575 0000 00000000 		.space	4
 576              		.section	.data.gEstimateKF_F,"aw"
 577              		.align	2
 578              		.set	.LANCHOR0,. + 0
 581              	gEstimateKF_F:
 582 0000 0000803F 		.word	1065353216
 583 0004 00000000 		.word	0
 584 0008 00000000 		.word	0
 585 000c 00000000 		.word	0
 586 0010 0000803F 		.word	1065353216
 587 0014 00000000 		.word	0
 588 0018 00000000 		.word	0
 589 001c 00000000 		.word	0
 590 0020 0000803F 		.word	1065353216
 591              		.section	.data.gEstimateKF_P,"aw"
 592              		.align	2
 593              		.set	.LANCHOR1,. + 0
 596              	gEstimateKF_P:
 597 0000 0000C842 		.word	1120403456
 598 0004 CDCCCC3D 		.word	1036831949
 599 0008 CDCCCC3D 		.word	1036831949
 600 000c CDCCCC3D 		.word	1036831949
 601 0010 0000C842 		.word	1120403456
 602 0014 CDCCCC3D 		.word	1036831949
 603 0018 CDCCCC3D 		.word	1036831949
 604 001c CDCCCC3D 		.word	1036831949
 605 0020 0000C842 		.word	1120403456
 606              		.section	.data.gEstimateKF_Q,"aw"
 607              		.align	2
 608              		.set	.LANCHOR2,. + 0
 611              	gEstimateKF_Q:
 612 0000 0AD7233C 		.word	1008981770
 613 0004 00000000 		.word	0
 614 0008 00000000 		.word	0
 615 000c 00000000 		.word	0
 616 0010 0AD7233C 		.word	1008981770
 617 0014 00000000 		.word	0
ARM GAS  C:\Users\86152\AppData\Local\Temp\ccpvkknh.s 			page 15


 618 0018 00000000 		.word	0
 619 001c 00000000 		.word	0
 620 0020 0AD7233C 		.word	1008981770
 621              		.section	.data.gEstimateKF_R,"aw"
 622              		.align	2
 623              		.set	.LANCHOR3,. + 0
 626              	gEstimateKF_R:
 627 0000 0050C347 		.word	1203982336
 628 0004 00000000 		.word	0
 629 0008 00000000 		.word	0
 630 000c 00000000 		.word	0
 631 0010 0050C347 		.word	1203982336
 632 0014 00000000 		.word	0
 633 0018 00000000 		.word	0
 634 001c 00000000 		.word	0
 635 0020 0050C347 		.word	1203982336
 636              		.section	.rodata.gEstimateKF_H,"a"
 637              		.align	2
 638              		.set	.LANCHOR6,. + 0
 641              	gEstimateKF_H:
 642 0000 0000803F 		.word	1065353216
 643 0004 00000000 		.word	0
 644 0008 00000000 		.word	0
 645 000c 00000000 		.word	0
 646 0010 0000803F 		.word	1065353216
 647 0014 00000000 		.word	0
 648 0018 00000000 		.word	0
 649 001c 00000000 		.word	0
 650 0020 0000803F 		.word	1065353216
 651              		.text
 652              	.Letext0:
 653              		.file 2 "c:\\program files (x86)\\gnu arm embedded toolchain\\10 2021.10\\arm-none-eabi\\include\\
 654              		.file 3 "c:\\program files (x86)\\gnu arm embedded toolchain\\10 2021.10\\arm-none-eabi\\include\\
 655              		.file 4 "Components/Algorithm/Include/arm_math.h"
 656              		.file 5 "Components/kalman_filter.h"
 657              		.file 6 "Components/Algorithm/GravityEstimateKF.h"
ARM GAS  C:\Users\86152\AppData\Local\Temp\ccpvkknh.s 			page 16


DEFINED SYMBOLS
                            *ABS*:00000000 GravityEstimateKF.c
C:\Users\86152\AppData\Local\Temp\ccpvkknh.s:20     .text.gEstimateKF_Tuning:00000000 $t
C:\Users\86152\AppData\Local\Temp\ccpvkknh.s:25     .text.gEstimateKF_Tuning:00000000 gEstimateKF_Tuning
C:\Users\86152\AppData\Local\Temp\ccpvkknh.s:145    .text.gEstimateKF_Tuning:000000e4 $d
C:\Users\86152\AppData\Local\Temp\ccpvkknh.s:154    .text.gEstimateKF_Init:00000000 $t
C:\Users\86152\AppData\Local\Temp\ccpvkknh.s:160    .text.gEstimateKF_Init:00000000 gEstimateKF_Init
C:\Users\86152\AppData\Local\Temp\ccpvkknh.s:316    .text.gEstimateKF_Init:000000f8 $d
C:\Users\86152\AppData\Local\Temp\ccpvkknh.s:327    .text.gEstimateKF_Update:00000000 $t
C:\Users\86152\AppData\Local\Temp\ccpvkknh.s:333    .text.gEstimateKF_Update:00000000 gEstimateKF_Update
C:\Users\86152\AppData\Local\Temp\ccpvkknh.s:463    .text.gEstimateKF_Update:00000094 $d
C:\Users\86152\AppData\Local\Temp\ccpvkknh.s:472    .text.gEstimateKF_SetQR:00000000 $t
C:\Users\86152\AppData\Local\Temp\ccpvkknh.s:478    .text.gEstimateKF_SetQR:00000000 gEstimateKF_SetQR
C:\Users\86152\AppData\Local\Temp\ccpvkknh.s:523    .text.gEstimateKF_SetQR:00000024 $d
C:\Users\86152\AppData\Local\Temp\ccpvkknh.s:641    .rodata.gEstimateKF_H:00000000 gEstimateKF_H
C:\Users\86152\AppData\Local\Temp\ccpvkknh.s:546    .bss.gEstimateKF_K:00000000 gEstimateKF_K
C:\Users\86152\AppData\Local\Temp\ccpvkknh.s:596    .data.gEstimateKF_P:00000000 gEstimateKF_P
C:\Users\86152\AppData\Local\Temp\ccpvkknh.s:581    .data.gEstimateKF_F:00000000 gEstimateKF_F
C:\Users\86152\AppData\Local\Temp\ccpvkknh.s:553    .bss.gVec:00000000 gVec
C:\Users\86152\AppData\Local\Temp\ccpvkknh.s:539    .bss.gEstimateKF:00000000 gEstimateKF
C:\Users\86152\AppData\Local\Temp\ccpvkknh.s:535    .bss.gEstimateKF:00000000 $d
C:\Users\86152\AppData\Local\Temp\ccpvkknh.s:542    .bss.gEstimateKF_K:00000000 $d
C:\Users\86152\AppData\Local\Temp\ccpvkknh.s:549    .bss.gVec:00000000 $d
C:\Users\86152\AppData\Local\Temp\ccpvkknh.s:556    .bss.gxdt.2:00000000 $d
C:\Users\86152\AppData\Local\Temp\ccpvkknh.s:560    .bss.gxdt.2:00000000 gxdt.2
C:\Users\86152\AppData\Local\Temp\ccpvkknh.s:563    .bss.gydt.1:00000000 $d
C:\Users\86152\AppData\Local\Temp\ccpvkknh.s:567    .bss.gydt.1:00000000 gydt.1
C:\Users\86152\AppData\Local\Temp\ccpvkknh.s:570    .bss.gzdt.0:00000000 $d
C:\Users\86152\AppData\Local\Temp\ccpvkknh.s:574    .bss.gzdt.0:00000000 gzdt.0
C:\Users\86152\AppData\Local\Temp\ccpvkknh.s:577    .data.gEstimateKF_F:00000000 $d
C:\Users\86152\AppData\Local\Temp\ccpvkknh.s:592    .data.gEstimateKF_P:00000000 $d
C:\Users\86152\AppData\Local\Temp\ccpvkknh.s:607    .data.gEstimateKF_Q:00000000 $d
C:\Users\86152\AppData\Local\Temp\ccpvkknh.s:611    .data.gEstimateKF_Q:00000000 gEstimateKF_Q
C:\Users\86152\AppData\Local\Temp\ccpvkknh.s:622    .data.gEstimateKF_R:00000000 $d
C:\Users\86152\AppData\Local\Temp\ccpvkknh.s:626    .data.gEstimateKF_R:00000000 gEstimateKF_R
C:\Users\86152\AppData\Local\Temp\ccpvkknh.s:637    .rodata.gEstimateKF_H:00000000 $d

UNDEFINED SYMBOLS
Kalman_Filter_Init
Kalman_Filter_Update
