ARM GAS  C:\Users\86152\AppData\Local\Temp\ccWl5SoL.s 			page 1


   1              		.cpu cortex-m4
   2              		.arch armv7e-m
   3              		.fpu fpv4-sp-d16
   4              		.eabi_attribute 27, 1
   5              		.eabi_attribute 28, 1
   6              		.eabi_attribute 20, 1
   7              		.eabi_attribute 21, 1
   8              		.eabi_attribute 23, 3
   9              		.eabi_attribute 24, 1
  10              		.eabi_attribute 25, 1
  11              		.eabi_attribute 26, 1
  12              		.eabi_attribute 30, 1
  13              		.eabi_attribute 34, 1
  14              		.eabi_attribute 18, 4
  15              		.file	"ins_task.c"
  16              		.text
  17              	.Ltext0:
  18              		.cfi_sections	.debug_frame
  19              		.section	.text.INS_Init,"ax",%progbits
  20              		.align	1
  21              		.global	INS_Init
  22              		.syntax unified
  23              		.thumb
  24              		.thumb_func
  26              	INS_Init:
  27              	.LFB171:
  28              		.file 1 "Application/ins_task.c"
   1:Application/ins_task.c **** /**
   2:Application/ins_task.c ****  ******************************************************************************
   3:Application/ins_task.c ****  * @file    ins task.c
   4:Application/ins_task.c ****  * @author  Wang Hongxi
   5:Application/ins_task.c ****  * @version V1.0.2
   6:Application/ins_task.c ****  * @date    2020/3/1
   7:Application/ins_task.c ****  * @brief
   8:Application/ins_task.c ****  ******************************************************************************
   9:Application/ins_task.c ****  * @attention
  10:Application/ins_task.c ****  *
  11:Application/ins_task.c ****  ******************************************************************************
  12:Application/ins_task.c ****  */
  13:Application/ins_task.c **** #include "ins_task.h"
  14:Application/ins_task.c **** #include "QuaternionAHRS.h"
  15:Application/ins_task.c **** #include "includes.h"
  16:Application/ins_task.c **** #include "GravityEstimateKF.h"
  17:Application/ins_task.c **** #include "tim.h"
  18:Application/ins_task.c **** 
  19:Application/ins_task.c **** PID_t TempCtrl = {0};
  20:Application/ins_task.c **** 
  21:Application/ins_task.c **** uint32_t INS_DWT_Count = 0;
  22:Application/ins_task.c **** static float dt = 0, t = 0;
  23:Application/ins_task.c **** uint8_t ins_debug_mode = 0;
  24:Application/ins_task.c **** float RefTemp = 40;
  25:Application/ins_task.c **** 
  26:Application/ins_task.c **** void INS_Init(void)
  27:Application/ins_task.c **** {
  29              		.loc 1 27 1 view -0
  30              		.cfi_startproc
  31              		@ args = 0, pretend = 0, frame = 0
ARM GAS  C:\Users\86152\AppData\Local\Temp\ccWl5SoL.s 			page 2


  32              		@ frame_needed = 0, uses_anonymous_args = 0
  33 0000 08B5     		push	{r3, lr}
  34              	.LCFI0:
  35              		.cfi_def_cfa_offset 8
  36              		.cfi_offset 3, -8
  37              		.cfi_offset 14, -4
  28:Application/ins_task.c ****     // 卡尔曼滤波器初始化
  29:Application/ins_task.c ****     gEstimateKF_Init(0.01, 100000);
  38              		.loc 1 29 5 view .LVU1
  39 0002 DFED120A 		vldr.32	s1, .L3
  40 0006 9FED120A 		vldr.32	s0, .L3+4
  41 000a FFF7FEFF 		bl	gEstimateKF_Init
  42              	.LVL0:
  30:Application/ins_task.c **** 
  31:Application/ins_task.c ****     // imu heat init
  32:Application/ins_task.c ****     // IMU_PWM_Init();
  33:Application/ins_task.c ****     PID_Init(&TempCtrl, 2000, 1200, 0, 500, 80, 0, 0, 0, 0, 0, 0,
  43              		.loc 1 33 5 view .LVU2
  44 000e 9FED111A 		vldr.32	s2, .L3+8
  45 0012 4522     		movs	r2, #69
  46 0014 0021     		movs	r1, #0
  47 0016 F0EE414A 		vmov.f32	s9, s2
  48 001a B0EE414A 		vmov.f32	s8, s2
  49 001e F0EE413A 		vmov.f32	s7, s2
  50 0022 B0EE413A 		vmov.f32	s6, s2
  51 0026 F0EE412A 		vmov.f32	s5, s2
  52 002a 9FED0B2A 		vldr.32	s4, .L3+12
  53 002e DFED0B1A 		vldr.32	s3, .L3+16
  54 0032 DFED0B0A 		vldr.32	s1, .L3+20
  55 0036 9FED0B0A 		vldr.32	s0, .L3+24
  56 003a 0B48     		ldr	r0, .L3+28
  57 003c FFF7FEFF 		bl	PID_Init
  58              	.LVL1:
  34:Application/ins_task.c ****              DerivativeFilter | Integral_Limit | Trapezoid_Intergral); // IMU温度控制用
  35:Application/ins_task.c ****     HAL_TIM_PWM_Start(&htim10, TIM_CHANNEL_1);
  59              		.loc 1 35 5 view .LVU3
  60 0040 0021     		movs	r1, #0
  61 0042 0A48     		ldr	r0, .L3+32
  62 0044 FFF7FEFF 		bl	HAL_TIM_PWM_Start
  63              	.LVL2:
  36:Application/ins_task.c **** }
  64              		.loc 1 36 1 is_stmt 0 view .LVU4
  65 0048 08BD     		pop	{r3, pc}
  66              	.L4:
  67 004a 00BF     		.align	2
  68              	.L3:
  69 004c 0050C347 		.word	1203982336
  70 0050 0AD7233C 		.word	1008981770
  71 0054 00000000 		.word	0
  72 0058 0000A042 		.word	1117782016
  73 005c 0000FA43 		.word	1140457472
  74 0060 00009644 		.word	1150681088
  75 0064 0000FA44 		.word	1157234688
  76 0068 00000000 		.word	.LANCHOR0
  77 006c 00000000 		.word	htim10
  78              		.cfi_endproc
  79              	.LFE171:
ARM GAS  C:\Users\86152\AppData\Local\Temp\ccWl5SoL.s 			page 3


  81              		.section	.text.IMU_Temperature_Ctrl,"ax",%progbits
  82              		.align	1
  83              		.global	IMU_Temperature_Ctrl
  84              		.syntax unified
  85              		.thumb
  86              		.thumb_func
  88              	IMU_Temperature_Ctrl:
  89              	.LFB173:
  37:Application/ins_task.c **** 
  38:Application/ins_task.c **** void INS_Task(void)
  39:Application/ins_task.c **** {
  40:Application/ins_task.c ****     static uint32_t count = 0;
  41:Application/ins_task.c ****     dt = DWT_GetDeltaT(&INS_DWT_Count);
  42:Application/ins_task.c ****     t += dt;
  43:Application/ins_task.c **** 
  44:Application/ins_task.c ****     // ins update
  45:Application/ins_task.c ****     if ((count % 1) == 0)
  46:Application/ins_task.c ****     {
  47:Application/ins_task.c ****         BMI088_Read(&BMI088);
  48:Application/ins_task.c **** 
  49:Application/ins_task.c ****         for (uint8_t i = 0; i < 3; i++) // 姿态解算
  50:Application/ins_task.c ****         {
  51:Application/ins_task.c ****             AHRS.Accel[i] = BMI088.Accel[i];
  52:Application/ins_task.c ****             AHRS.Gyro[i] = BMI088.Gyro[i];
  53:Application/ins_task.c ****         }
  54:Application/ins_task.c **** 
  55:Application/ins_task.c ****         gEstimateKF_Update(BMI088.Gyro[X], BMI088.Gyro[Y], BMI088.Gyro[Z], BMI088.Accel[X], BMI088.
  56:Application/ins_task.c ****         Quaternion_AHRS_UpdateIMU(BMI088.Gyro[X], BMI088.Gyro[Y], BMI088.Gyro[Z], gVec[X], gVec[Y],
  57:Application/ins_task.c ****         InsertQuaternionFrame(&QuaternionBuffer, AHRS.q, USER_GetTick() / 1000.0f);
  58:Application/ins_task.c **** 
  59:Application/ins_task.c ****         Get_EulerAngle(AHRS.q);
  60:Application/ins_task.c **** 
  61:Application/ins_task.c ****         if (GlobalDebugMode == INS_DEBUG) // DEBUG时 打印数据
  62:Application/ins_task.c ****         {
  63:Application/ins_task.c ****             if (ins_debug_mode == 0)
  64:Application/ins_task.c ****                 Serial_Debug(&huart1, 1, AHRS.Yaw, AHRS.Pitch, AHRS.Roll, 0, 0, 0);
  65:Application/ins_task.c ****             if (ins_debug_mode == 1)
  66:Application/ins_task.c ****                 Serial_Debug(&huart1, 1, gVec[0], gVec[1], gVec[2], AHRS.Accel[X], AHRS.Accel[Y], A
  67:Application/ins_task.c ****             if (ins_debug_mode == 2)
  68:Application/ins_task.c ****                 Serial_Debug(&huart1, 1, atan2f(gVec[0], gVec[2]) * RADIAN_COEF, atan2f(gVec[1], gV
  69:Application/ins_task.c ****         }
  70:Application/ins_task.c ****     }
  71:Application/ins_task.c **** 
  72:Application/ins_task.c ****     // temperature control
  73:Application/ins_task.c ****     if ((count % 2) == 0)
  74:Application/ins_task.c ****     {
  75:Application/ins_task.c ****         // 500hz
  76:Application/ins_task.c ****         IMU_Temperature_Ctrl();
  77:Application/ins_task.c ****         if (GlobalDebugMode == IMU_HEAT_DEBUG)
  78:Application/ins_task.c ****             Serial_Debug(&huart1, 1, RefTemp, BMI088.Temperature, TempCtrl.Output / 1000.0f, TempCt
  79:Application/ins_task.c ****     }
  80:Application/ins_task.c **** 
  81:Application/ins_task.c ****     if ((count % 1000) == 0)
  82:Application/ins_task.c ****     {
  83:Application/ins_task.c ****         // 200hz
  84:Application/ins_task.c ****     }
  85:Application/ins_task.c **** 
ARM GAS  C:\Users\86152\AppData\Local\Temp\ccWl5SoL.s 			page 4


  86:Application/ins_task.c ****     count++;
  87:Application/ins_task.c **** }
  88:Application/ins_task.c **** 
  89:Application/ins_task.c **** void IMU_Temperature_Ctrl(void)
  90:Application/ins_task.c **** {
  90              		.loc 1 90 1 is_stmt 1 view -0
  91              		.cfi_startproc
  92              		@ args = 0, pretend = 0, frame = 0
  93              		@ frame_needed = 0, uses_anonymous_args = 0
  94 0000 10B5     		push	{r4, lr}
  95              	.LCFI1:
  96              		.cfi_def_cfa_offset 8
  97              		.cfi_offset 4, -8
  98              		.cfi_offset 14, -4
  91:Application/ins_task.c ****     PID_Calculate(&TempCtrl, BMI088.Temperature, RefTemp);
  99              		.loc 1 91 5 view .LVU6
 100 0002 114C     		ldr	r4, .L7
 101 0004 114B     		ldr	r3, .L7+4
 102 0006 D3ED000A 		vldr.32	s1, [r3]
 103 000a 114B     		ldr	r3, .L7+8
 104 000c 93ED060A 		vldr.32	s0, [r3, #24]
 105 0010 2046     		mov	r0, r4
 106 0012 FFF7FEFF 		bl	PID_Calculate
 107              	.LVL3:
  92:Application/ins_task.c **** 
  93:Application/ins_task.c ****     TIM_Set_PWM(&htim10, TIM_CHANNEL_1, float_constrain(float_rounding(TempCtrl.Output), 0, UINT32_
 108              		.loc 1 93 5 view .LVU7
 109              		.loc 1 93 57 is_stmt 0 view .LVU8
 110 0016 94ED0D0A 		vldr.32	s0, [r4, #52]
 111 001a FFF7FEFF 		bl	float_rounding
 112              	.LVL4:
 113 001e 00EE100A 		vmov	s0, r0	@ int
 114              		.loc 1 93 41 view .LVU9
 115 0022 9FED0C1A 		vldr.32	s2, .L7+12
 116 0026 DFED0C0A 		vldr.32	s1, .L7+16
 117 002a B8EEC00A 		vcvt.f32.s32	s0, s0
 118 002e FFF7FEFF 		bl	float_constrain
 119              	.LVL5:
 120              		.loc 1 93 5 view .LVU10
 121 0032 BCEEC00A 		vcvt.u32.f32	s0, s0
 122 0036 10EE103A 		vmov	r3, s0	@ int
 123 003a 9AB2     		uxth	r2, r3
 124 003c 0021     		movs	r1, #0
 125 003e 0748     		ldr	r0, .L7+20
 126 0040 FFF7FEFF 		bl	TIM_Set_PWM
 127              	.LVL6:
  94:Application/ins_task.c **** }
 128              		.loc 1 94 1 view .LVU11
 129 0044 10BD     		pop	{r4, pc}
 130              	.L8:
 131 0046 00BF     		.align	2
 132              	.L7:
 133 0048 00000000 		.word	.LANCHOR0
 134 004c 00000000 		.word	.LANCHOR1
 135 0050 00000000 		.word	BMI088
 136 0054 0000804F 		.word	1333788672
 137 0058 00000000 		.word	0
ARM GAS  C:\Users\86152\AppData\Local\Temp\ccWl5SoL.s 			page 5


 138 005c 00000000 		.word	htim10
 139              		.cfi_endproc
 140              	.LFE173:
 142              		.section	.text.INS_Task,"ax",%progbits
 143              		.align	1
 144              		.global	INS_Task
 145              		.syntax unified
 146              		.thumb
 147              		.thumb_func
 149              	INS_Task:
 150              	.LFB172:
  39:Application/ins_task.c ****     static uint32_t count = 0;
 151              		.loc 1 39 1 is_stmt 1 view -0
 152              		.cfi_startproc
 153              		@ args = 0, pretend = 0, frame = 0
 154              		@ frame_needed = 0, uses_anonymous_args = 0
 155 0000 38B5     		push	{r3, r4, r5, lr}
 156              	.LCFI2:
 157              		.cfi_def_cfa_offset 16
 158              		.cfi_offset 3, -16
 159              		.cfi_offset 4, -12
 160              		.cfi_offset 5, -8
 161              		.cfi_offset 14, -4
 162 0002 2DED048B 		vpush.64	{d8, d9}
 163              	.LCFI3:
 164              		.cfi_def_cfa_offset 32
 165              		.cfi_offset 80, -32
 166              		.cfi_offset 81, -28
 167              		.cfi_offset 82, -24
 168              		.cfi_offset 83, -20
  40:Application/ins_task.c ****     dt = DWT_GetDeltaT(&INS_DWT_Count);
 169              		.loc 1 40 5 view .LVU13
  41:Application/ins_task.c ****     t += dt;
 170              		.loc 1 41 5 view .LVU14
  41:Application/ins_task.c ****     t += dt;
 171              		.loc 1 41 10 is_stmt 0 view .LVU15
 172 0006 7948     		ldr	r0, .L21
 173 0008 FFF7FEFF 		bl	DWT_GetDeltaT
 174              	.LVL7:
  41:Application/ins_task.c ****     t += dt;
 175              		.loc 1 41 8 view .LVU16
 176 000c 784B     		ldr	r3, .L21+4
 177 000e 83ED000A 		vstr.32	s0, [r3]
  42:Application/ins_task.c **** 
 178              		.loc 1 42 5 is_stmt 1 view .LVU17
  42:Application/ins_task.c **** 
 179              		.loc 1 42 7 is_stmt 0 view .LVU18
 180 0012 784B     		ldr	r3, .L21+8
 181 0014 D3ED007A 		vldr.32	s15, [r3]
 182 0018 37EE800A 		vadd.f32	s0, s15, s0
 183 001c 83ED000A 		vstr.32	s0, [r3]
  45:Application/ins_task.c ****     {
 184              		.loc 1 45 5 is_stmt 1 view .LVU19
  47:Application/ins_task.c **** 
 185              		.loc 1 47 9 view .LVU20
 186 0020 7548     		ldr	r0, .L21+12
 187 0022 FFF7FEFF 		bl	BMI088_Read
ARM GAS  C:\Users\86152\AppData\Local\Temp\ccWl5SoL.s 			page 6


 188              	.LVL8:
  49:Application/ins_task.c ****         {
 189              		.loc 1 49 9 view .LVU21
 190              	.LBB2:
  49:Application/ins_task.c ****         {
 191              		.loc 1 49 14 view .LVU22
  49:Application/ins_task.c ****         {
 192              		.loc 1 49 22 is_stmt 0 view .LVU23
 193 0026 0023     		movs	r3, #0
  49:Application/ins_task.c ****         {
 194              		.loc 1 49 9 view .LVU24
 195 0028 12E0     		b	.L10
 196              	.LVL9:
 197              	.L11:
  51:Application/ins_task.c ****             AHRS.Gyro[i] = BMI088.Gyro[i];
 198              		.loc 1 51 13 is_stmt 1 discriminator 3 view .LVU25
  51:Application/ins_task.c ****             AHRS.Gyro[i] = BMI088.Gyro[i];
 199              		.loc 1 51 41 is_stmt 0 discriminator 3 view .LVU26
 200 002a 7349     		ldr	r1, .L21+12
 201 002c 01EB8302 		add	r2, r1, r3, lsl #2
 202 0030 1468     		ldr	r4, [r2]	@ float
  51:Application/ins_task.c ****             AHRS.Gyro[i] = BMI088.Gyro[i];
 203              		.loc 1 51 27 discriminator 3 view .LVU27
 204 0032 724A     		ldr	r2, .L21+16
 205 0034 181D     		adds	r0, r3, #4
 206 0036 02EB8000 		add	r0, r2, r0, lsl #2
 207 003a 0460     		str	r4, [r0]	@ float
  52:Application/ins_task.c ****         }
 208              		.loc 1 52 13 is_stmt 1 discriminator 3 view .LVU28
  52:Application/ins_task.c ****         }
 209              		.loc 1 52 39 is_stmt 0 discriminator 3 view .LVU29
 210 003c 981C     		adds	r0, r3, #2
 211 003e 01EB8001 		add	r1, r1, r0, lsl #2
 212 0042 4968     		ldr	r1, [r1, #4]	@ float
  52:Application/ins_task.c ****         }
 213              		.loc 1 52 26 discriminator 3 view .LVU30
 214 0044 981D     		adds	r0, r3, #6
 215 0046 02EB8002 		add	r2, r2, r0, lsl #2
 216 004a 5160     		str	r1, [r2, #4]	@ float
  49:Application/ins_task.c ****         {
 217              		.loc 1 49 36 is_stmt 1 discriminator 3 view .LVU31
  49:Application/ins_task.c ****         {
 218              		.loc 1 49 37 is_stmt 0 discriminator 3 view .LVU32
 219 004c 0133     		adds	r3, r3, #1
 220              	.LVL10:
  49:Application/ins_task.c ****         {
 221              		.loc 1 49 37 discriminator 3 view .LVU33
 222 004e DBB2     		uxtb	r3, r3
 223              	.LVL11:
 224              	.L10:
  49:Application/ins_task.c ****         {
 225              		.loc 1 49 29 is_stmt 1 discriminator 1 view .LVU34
  49:Application/ins_task.c ****         {
 226              		.loc 1 49 9 is_stmt 0 discriminator 1 view .LVU35
 227 0050 022B     		cmp	r3, #2
 228 0052 EAD9     		bls	.L11
 229              	.LBE2:
ARM GAS  C:\Users\86152\AppData\Local\Temp\ccWl5SoL.s 			page 7


  55:Application/ins_task.c ****         Quaternion_AHRS_UpdateIMU(BMI088.Gyro[X], BMI088.Gyro[Y], BMI088.Gyro[Z], gVec[X], gVec[Y],
 230              		.loc 1 55 9 is_stmt 1 view .LVU36
 231 0054 664D     		ldr	r5, .L21+4
 232 0056 684C     		ldr	r4, .L21+12
 233 0058 95ED003A 		vldr.32	s6, [r5]
 234 005c D4ED022A 		vldr.32	s5, [r4, #8]
 235 0060 94ED012A 		vldr.32	s4, [r4, #4]
 236 0064 D4ED001A 		vldr.32	s3, [r4]
 237 0068 94ED051A 		vldr.32	s2, [r4, #20]
 238 006c D4ED040A 		vldr.32	s1, [r4, #16]
 239 0070 94ED030A 		vldr.32	s0, [r4, #12]
 240 0074 FFF7FEFF 		bl	gEstimateKF_Update
 241              	.LVL12:
  56:Application/ins_task.c ****         InsertQuaternionFrame(&QuaternionBuffer, AHRS.q, USER_GetTick() / 1000.0f);
 242              		.loc 1 56 9 view .LVU37
 243 0078 614B     		ldr	r3, .L21+20
 244 007a 95ED003A 		vldr.32	s6, [r5]
 245 007e D3ED022A 		vldr.32	s5, [r3, #8]
 246 0082 93ED012A 		vldr.32	s4, [r3, #4]
 247 0086 D3ED001A 		vldr.32	s3, [r3]
 248 008a 94ED051A 		vldr.32	s2, [r4, #20]
 249 008e D4ED040A 		vldr.32	s1, [r4, #16]
 250 0092 94ED030A 		vldr.32	s0, [r4, #12]
 251 0096 FFF7FEFF 		bl	Quaternion_AHRS_UpdateIMU
 252              	.LVL13:
  57:Application/ins_task.c **** 
 253              		.loc 1 57 9 view .LVU38
  57:Application/ins_task.c **** 
 254              		.loc 1 57 58 is_stmt 0 view .LVU39
 255 009a FFF7FEFF 		bl	xTaskGetTickCount
 256              	.LVL14:
 257 009e 07EE900A 		vmov	s15, r0	@ int
  57:Application/ins_task.c **** 
 258              		.loc 1 57 9 view .LVU40
 259 00a2 F8EE677A 		vcvt.f32.u32	s15, s15
 260 00a6 554C     		ldr	r4, .L21+16
 261 00a8 9FED560A 		vldr.32	s0, .L21+24
 262 00ac 87EE800A 		vdiv.f32	s0, s15, s0
 263 00b0 2146     		mov	r1, r4
 264 00b2 5548     		ldr	r0, .L21+28
 265 00b4 FFF7FEFF 		bl	InsertQuaternionFrame
 266              	.LVL15:
  59:Application/ins_task.c **** 
 267              		.loc 1 59 9 is_stmt 1 view .LVU41
 268 00b8 2046     		mov	r0, r4
 269 00ba FFF7FEFF 		bl	Get_EulerAngle
 270              	.LVL16:
  61:Application/ins_task.c ****         {
 271              		.loc 1 61 9 view .LVU42
  61:Application/ins_task.c ****         {
 272              		.loc 1 61 29 is_stmt 0 view .LVU43
 273 00be 534B     		ldr	r3, .L21+32
 274 00c0 1B78     		ldrb	r3, [r3]	@ zero_extendqisi2
  61:Application/ins_task.c ****         {
 275              		.loc 1 61 12 view .LVU44
 276 00c2 032B     		cmp	r3, #3
 277 00c4 0BD0     		beq	.L17
ARM GAS  C:\Users\86152\AppData\Local\Temp\ccWl5SoL.s 			page 8


 278              	.L12:
  73:Application/ins_task.c ****     {
 279              		.loc 1 73 5 is_stmt 1 view .LVU45
  73:Application/ins_task.c ****     {
 280              		.loc 1 73 16 is_stmt 0 view .LVU46
 281 00c6 524B     		ldr	r3, .L21+36
 282 00c8 1B68     		ldr	r3, [r3]
  73:Application/ins_task.c ****     {
 283              		.loc 1 73 8 view .LVU47
 284 00ca 13F0010F 		tst	r3, #1
 285 00ce 69D0     		beq	.L18
 286              	.L15:
  81:Application/ins_task.c ****     {
 287              		.loc 1 81 5 is_stmt 1 view .LVU48
  81:Application/ins_task.c ****     {
 288              		.loc 1 81 16 is_stmt 0 view .LVU49
 289 00d0 4F4A     		ldr	r2, .L21+36
 290 00d2 1368     		ldr	r3, [r2]
  84:Application/ins_task.c **** 
 291              		.loc 1 84 5 is_stmt 1 view .LVU50
  86:Application/ins_task.c **** }
 292              		.loc 1 86 5 view .LVU51
  86:Application/ins_task.c **** }
 293              		.loc 1 86 10 is_stmt 0 view .LVU52
 294 00d4 0133     		adds	r3, r3, #1
 295 00d6 1360     		str	r3, [r2]
  87:Application/ins_task.c **** 
 296              		.loc 1 87 1 view .LVU53
 297 00d8 BDEC048B 		vldm	sp!, {d8-d9}
 298              	.LCFI4:
 299              		.cfi_remember_state
 300              		.cfi_restore 82
 301              		.cfi_restore 83
 302              		.cfi_restore 80
 303              		.cfi_restore 81
 304              		.cfi_def_cfa_offset 16
 305 00dc 38BD     		pop	{r3, r4, r5, pc}
 306              	.L17:
 307              	.LCFI5:
 308              		.cfi_restore_state
  63:Application/ins_task.c ****                 Serial_Debug(&huart1, 1, AHRS.Yaw, AHRS.Pitch, AHRS.Roll, 0, 0, 0);
 309              		.loc 1 63 13 is_stmt 1 view .LVU54
  63:Application/ins_task.c ****                 Serial_Debug(&huart1, 1, AHRS.Yaw, AHRS.Pitch, AHRS.Roll, 0, 0, 0);
 310              		.loc 1 63 32 is_stmt 0 view .LVU55
 311 00de 4D4B     		ldr	r3, .L21+40
 312 00e0 1B78     		ldrb	r3, [r3]	@ zero_extendqisi2
  63:Application/ins_task.c ****                 Serial_Debug(&huart1, 1, AHRS.Yaw, AHRS.Pitch, AHRS.Roll, 0, 0, 0);
 313              		.loc 1 63 16 view .LVU56
 314 00e2 002B     		cmp	r3, #0
 315 00e4 3AD0     		beq	.L19
 316              	.L13:
  65:Application/ins_task.c ****                 Serial_Debug(&huart1, 1, gVec[0], gVec[1], gVec[2], AHRS.Accel[X], AHRS.Accel[Y], A
 317              		.loc 1 65 13 is_stmt 1 view .LVU57
  65:Application/ins_task.c ****                 Serial_Debug(&huart1, 1, gVec[0], gVec[1], gVec[2], AHRS.Accel[X], AHRS.Accel[Y], A
 318              		.loc 1 65 32 is_stmt 0 view .LVU58
 319 00e6 4B4B     		ldr	r3, .L21+40
 320 00e8 1B78     		ldrb	r3, [r3]	@ zero_extendqisi2
ARM GAS  C:\Users\86152\AppData\Local\Temp\ccWl5SoL.s 			page 9


  65:Application/ins_task.c ****                 Serial_Debug(&huart1, 1, gVec[0], gVec[1], gVec[2], AHRS.Accel[X], AHRS.Accel[Y], A
 321              		.loc 1 65 16 view .LVU59
 322 00ea 012B     		cmp	r3, #1
 323 00ec 47D0     		beq	.L20
 324              	.L14:
  67:Application/ins_task.c ****                 Serial_Debug(&huart1, 1, atan2f(gVec[0], gVec[2]) * RADIAN_COEF, atan2f(gVec[1], gV
 325              		.loc 1 67 13 is_stmt 1 view .LVU60
  67:Application/ins_task.c ****                 Serial_Debug(&huart1, 1, atan2f(gVec[0], gVec[2]) * RADIAN_COEF, atan2f(gVec[1], gV
 326              		.loc 1 67 32 is_stmt 0 view .LVU61
 327 00ee 494B     		ldr	r3, .L21+40
 328 00f0 1B78     		ldrb	r3, [r3]	@ zero_extendqisi2
  67:Application/ins_task.c ****                 Serial_Debug(&huart1, 1, atan2f(gVec[0], gVec[2]) * RADIAN_COEF, atan2f(gVec[1], gV
 329              		.loc 1 67 16 view .LVU62
 330 00f2 022B     		cmp	r3, #2
 331 00f4 E7D1     		bne	.L12
  68:Application/ins_task.c ****         }
 332              		.loc 1 68 17 is_stmt 1 view .LVU63
  68:Application/ins_task.c ****         }
 333              		.loc 1 68 42 is_stmt 0 view .LVU64
 334 00f6 424C     		ldr	r4, .L21+20
 335 00f8 D4ED020A 		vldr.32	s1, [r4, #8]
 336 00fc 94ED000A 		vldr.32	s0, [r4]
 337 0100 FFF7FEFF 		bl	atan2f
 338              	.LVL17:
 339 0104 B0EE408A 		vmov.f32	s16, s0
  68:Application/ins_task.c ****         }
 340              		.loc 1 68 82 view .LVU65
 341 0108 D4ED020A 		vldr.32	s1, [r4, #8]
 342 010c 94ED010A 		vldr.32	s0, [r4, #4]
 343 0110 FFF7FEFF 		bl	atan2f
 344              	.LVL18:
 345 0114 F0EE408A 		vmov.f32	s17, s0
  68:Application/ins_task.c ****         }
 346              		.loc 1 68 122 view .LVU66
 347 0118 384C     		ldr	r4, .L21+16
 348 011a D4ED060A 		vldr.32	s1, [r4, #24]
 349 011e 94ED040A 		vldr.32	s0, [r4, #16]
 350 0122 FFF7FEFF 		bl	atan2f
 351              	.LVL19:
 352 0126 B0EE409A 		vmov.f32	s18, s0
  68:Application/ins_task.c ****         }
 353              		.loc 1 68 174 view .LVU67
 354 012a D4ED060A 		vldr.32	s1, [r4, #24]
 355 012e 94ED050A 		vldr.32	s0, [r4, #20]
 356 0132 FFF7FEFF 		bl	atan2f
 357              	.LVL20:
  68:Application/ins_task.c ****         }
 358              		.loc 1 68 17 view .LVU68
 359 0136 9FED382A 		vldr.32	s4, .L21+44
 360 013a DFED387A 		vldr.32	s15, .L21+48
 361 013e F0EE422A 		vmov.f32	s5, s4
 362 0142 60EE271A 		vmul.f32	s3, s0, s15
 363 0146 29EE271A 		vmul.f32	s2, s18, s15
 364 014a 68EEA70A 		vmul.f32	s1, s17, s15
 365 014e 28EE270A 		vmul.f32	s0, s16, s15
 366 0152 0121     		movs	r1, #1
 367 0154 3248     		ldr	r0, .L21+52
ARM GAS  C:\Users\86152\AppData\Local\Temp\ccWl5SoL.s 			page 10


 368 0156 FFF7FEFF 		bl	Serial_Debug
 369              	.LVL21:
 370 015a B4E7     		b	.L12
 371              	.L19:
  64:Application/ins_task.c ****             if (ins_debug_mode == 1)
 372              		.loc 1 64 17 is_stmt 1 view .LVU69
 373 015c DFED2E1A 		vldr.32	s3, .L21+44
 374 0160 F0EE612A 		vmov.f32	s5, s3
 375 0164 B0EE612A 		vmov.f32	s4, s3
 376 0168 94ED0C1A 		vldr.32	s2, [r4, #48]
 377 016c D4ED0B0A 		vldr.32	s1, [r4, #44]
 378 0170 94ED0A0A 		vldr.32	s0, [r4, #40]
 379 0174 0121     		movs	r1, #1
 380 0176 2A48     		ldr	r0, .L21+52
 381 0178 FFF7FEFF 		bl	Serial_Debug
 382              	.LVL22:
 383 017c B3E7     		b	.L13
 384              	.L20:
  66:Application/ins_task.c ****             if (ins_debug_mode == 2)
 385              		.loc 1 66 17 view .LVU70
 386 017e 1F4A     		ldr	r2, .L21+16
 387 0180 1F4B     		ldr	r3, .L21+20
 388 0182 D2ED062A 		vldr.32	s5, [r2, #24]
 389 0186 92ED052A 		vldr.32	s4, [r2, #20]
 390 018a D2ED041A 		vldr.32	s3, [r2, #16]
 391 018e 93ED021A 		vldr.32	s2, [r3, #8]
 392 0192 D3ED010A 		vldr.32	s1, [r3, #4]
 393 0196 93ED000A 		vldr.32	s0, [r3]
 394 019a 0121     		movs	r1, #1
 395 019c 2048     		ldr	r0, .L21+52
 396 019e FFF7FEFF 		bl	Serial_Debug
 397              	.LVL23:
 398 01a2 A4E7     		b	.L14
 399              	.L18:
  76:Application/ins_task.c ****         if (GlobalDebugMode == IMU_HEAT_DEBUG)
 400              		.loc 1 76 9 view .LVU71
 401 01a4 FFF7FEFF 		bl	IMU_Temperature_Ctrl
 402              	.LVL24:
  77:Application/ins_task.c ****             Serial_Debug(&huart1, 1, RefTemp, BMI088.Temperature, TempCtrl.Output / 1000.0f, TempCt
 403              		.loc 1 77 9 view .LVU72
  77:Application/ins_task.c ****             Serial_Debug(&huart1, 1, RefTemp, BMI088.Temperature, TempCtrl.Output / 1000.0f, TempCt
 404              		.loc 1 77 29 is_stmt 0 view .LVU73
 405 01a8 184B     		ldr	r3, .L21+32
 406 01aa 1B78     		ldrb	r3, [r3]	@ zero_extendqisi2
  77:Application/ins_task.c ****             Serial_Debug(&huart1, 1, RefTemp, BMI088.Temperature, TempCtrl.Output / 1000.0f, TempCt
 407              		.loc 1 77 12 view .LVU74
 408 01ac 052B     		cmp	r3, #5
 409 01ae 8FD1     		bne	.L15
  78:Application/ins_task.c ****     }
 410              		.loc 1 78 13 is_stmt 1 view .LVU75
  78:Application/ins_task.c ****     }
 411              		.loc 1 78 75 is_stmt 0 view .LVU76
 412 01b0 1C4B     		ldr	r3, .L21+56
 413 01b2 93ED0D1A 		vldr.32	s2, [r3, #52]
  78:Application/ins_task.c ****     }
 414              		.loc 1 78 102 view .LVU77
 415 01b6 D3ED091A 		vldr.32	s3, [r3, #36]
ARM GAS  C:\Users\86152\AppData\Local\Temp\ccWl5SoL.s 			page 11


  78:Application/ins_task.c ****     }
 416              		.loc 1 78 127 view .LVU78
 417 01ba 93ED0A2A 		vldr.32	s4, [r3, #40]
  78:Application/ins_task.c ****     }
 418              		.loc 1 78 152 view .LVU79
 419 01be D3ED0B2A 		vldr.32	s5, [r3, #44]
  78:Application/ins_task.c ****     }
 420              		.loc 1 78 13 view .LVU80
 421 01c2 DFED107A 		vldr.32	s15, .L21+24
 422 01c6 C2EEA72A 		vdiv.f32	s5, s5, s15
 423 01ca 82EE272A 		vdiv.f32	s4, s4, s15
 424 01ce C1EEA71A 		vdiv.f32	s3, s3, s15
 425 01d2 81EE271A 		vdiv.f32	s2, s2, s15
 426 01d6 084B     		ldr	r3, .L21+12
 427 01d8 D3ED060A 		vldr.32	s1, [r3, #24]
 428 01dc 124B     		ldr	r3, .L21+60
 429 01de 93ED000A 		vldr.32	s0, [r3]
 430 01e2 0121     		movs	r1, #1
 431 01e4 0E48     		ldr	r0, .L21+52
 432 01e6 FFF7FEFF 		bl	Serial_Debug
 433              	.LVL25:
 434 01ea 71E7     		b	.L15
 435              	.L22:
 436              		.align	2
 437              	.L21:
 438 01ec 00000000 		.word	.LANCHOR2
 439 01f0 00000000 		.word	.LANCHOR3
 440 01f4 00000000 		.word	.LANCHOR4
 441 01f8 00000000 		.word	BMI088
 442 01fc 00000000 		.word	AHRS
 443 0200 00000000 		.word	gVec
 444 0204 00007A44 		.word	1148846080
 445 0208 00000000 		.word	QuaternionBuffer
 446 020c 00000000 		.word	GlobalDebugMode
 447 0210 00000000 		.word	.LANCHOR6
 448 0214 00000000 		.word	.LANCHOR5
 449 0218 00000000 		.word	0
 450 021c E12E6542 		.word	1113927393
 451 0220 00000000 		.word	huart1
 452 0224 00000000 		.word	.LANCHOR0
 453 0228 00000000 		.word	.LANCHOR1
 454              		.cfi_endproc
 455              	.LFE172:
 457              		.global	RefTemp
 458              		.global	ins_debug_mode
 459              		.global	INS_DWT_Count
 460              		.global	TempCtrl
 461              		.section	.bss.INS_DWT_Count,"aw",%nobits
 462              		.align	2
 463              		.set	.LANCHOR2,. + 0
 466              	INS_DWT_Count:
 467 0000 00000000 		.space	4
 468              		.section	.bss.TempCtrl,"aw",%nobits
 469              		.align	3
 470              		.set	.LANCHOR0,. + 0
 473              	TempCtrl:
 474 0000 00000000 		.space	184
ARM GAS  C:\Users\86152\AppData\Local\Temp\ccWl5SoL.s 			page 12


 474      00000000 
 474      00000000 
 474      00000000 
 474      00000000 
 475              		.section	.bss.count.0,"aw",%nobits
 476              		.align	2
 477              		.set	.LANCHOR6,. + 0
 480              	count.0:
 481 0000 00000000 		.space	4
 482              		.section	.bss.dt,"aw",%nobits
 483              		.align	2
 484              		.set	.LANCHOR3,. + 0
 487              	dt:
 488 0000 00000000 		.space	4
 489              		.section	.bss.ins_debug_mode,"aw",%nobits
 490              		.set	.LANCHOR5,. + 0
 493              	ins_debug_mode:
 494 0000 00       		.space	1
 495              		.section	.bss.t,"aw",%nobits
 496              		.align	2
 497              		.set	.LANCHOR4,. + 0
 500              	t:
 501 0000 00000000 		.space	4
 502              		.section	.data.RefTemp,"aw"
 503              		.align	2
 504              		.set	.LANCHOR1,. + 0
 507              	RefTemp:
 508 0000 00002042 		.word	1109393408
 509              		.text
 510              	.Letext0:
 511              		.file 2 "c:\\program files (x86)\\gnu arm embedded toolchain\\10 2021.10\\arm-none-eabi\\include\\
 512              		.file 3 "c:\\program files (x86)\\gnu arm embedded toolchain\\10 2021.10\\arm-none-eabi\\include\\
 513              		.file 4 "Drivers/CMSIS/Device/ST/STM32F4xx/Include/stm32f407xx.h"
 514              		.file 5 "Drivers/STM32F4xx_HAL_Driver/Inc/stm32f4xx_hal_def.h"
 515              		.file 6 "Drivers/STM32F4xx_HAL_Driver/Inc/stm32f4xx_hal_dma.h"
 516              		.file 7 "Drivers/STM32F4xx_HAL_Driver/Inc/stm32f4xx_hal_tim.h"
 517              		.file 8 "Drivers/STM32F4xx_HAL_Driver/Inc/stm32f4xx_hal_uart.h"
 518              		.file 9 "Inc/tim.h"
 519              		.file 10 "Inc/usart.h"
 520              		.file 11 "Components/Devices/BMI088driver.h"
 521              		.file 12 "Components/user_lib.h"
 522              		.file 13 "Components/Controller/controller.h"
 523              		.file 14 "Application/detect_task.h"
 524              		.file 15 "Components/Algorithm/QuaternionAHRS.h"
 525              		.file 16 "Application/ins_task.h"
 526              		.file 17 "Components/Algorithm/GravityEstimateKF.h"
 527              		.file 18 "Bsp/bsp_PWM.h"
 528              		.file 19 "Bsp/bsp_dwt.h"
 529              		.file 20 "Middlewares/Third_Party/FreeRTOS/Source/include/task.h"
 530              		.file 21 "c:\\program files (x86)\\gnu arm embedded toolchain\\10 2021.10\\arm-none-eabi\\include\
 531              		.file 22 "Application/SerialDebug.h"
ARM GAS  C:\Users\86152\AppData\Local\Temp\ccWl5SoL.s 			page 13


DEFINED SYMBOLS
                            *ABS*:00000000 ins_task.c
C:\Users\86152\AppData\Local\Temp\ccWl5SoL.s:20     .text.INS_Init:00000000 $t
C:\Users\86152\AppData\Local\Temp\ccWl5SoL.s:26     .text.INS_Init:00000000 INS_Init
C:\Users\86152\AppData\Local\Temp\ccWl5SoL.s:69     .text.INS_Init:0000004c $d
C:\Users\86152\AppData\Local\Temp\ccWl5SoL.s:82     .text.IMU_Temperature_Ctrl:00000000 $t
C:\Users\86152\AppData\Local\Temp\ccWl5SoL.s:88     .text.IMU_Temperature_Ctrl:00000000 IMU_Temperature_Ctrl
C:\Users\86152\AppData\Local\Temp\ccWl5SoL.s:133    .text.IMU_Temperature_Ctrl:00000048 $d
C:\Users\86152\AppData\Local\Temp\ccWl5SoL.s:143    .text.INS_Task:00000000 $t
C:\Users\86152\AppData\Local\Temp\ccWl5SoL.s:149    .text.INS_Task:00000000 INS_Task
C:\Users\86152\AppData\Local\Temp\ccWl5SoL.s:438    .text.INS_Task:000001ec $d
C:\Users\86152\AppData\Local\Temp\ccWl5SoL.s:507    .data.RefTemp:00000000 RefTemp
C:\Users\86152\AppData\Local\Temp\ccWl5SoL.s:493    .bss.ins_debug_mode:00000000 ins_debug_mode
C:\Users\86152\AppData\Local\Temp\ccWl5SoL.s:466    .bss.INS_DWT_Count:00000000 INS_DWT_Count
C:\Users\86152\AppData\Local\Temp\ccWl5SoL.s:473    .bss.TempCtrl:00000000 TempCtrl
C:\Users\86152\AppData\Local\Temp\ccWl5SoL.s:462    .bss.INS_DWT_Count:00000000 $d
C:\Users\86152\AppData\Local\Temp\ccWl5SoL.s:469    .bss.TempCtrl:00000000 $d
C:\Users\86152\AppData\Local\Temp\ccWl5SoL.s:476    .bss.count.0:00000000 $d
C:\Users\86152\AppData\Local\Temp\ccWl5SoL.s:480    .bss.count.0:00000000 count.0
C:\Users\86152\AppData\Local\Temp\ccWl5SoL.s:483    .bss.dt:00000000 $d
C:\Users\86152\AppData\Local\Temp\ccWl5SoL.s:487    .bss.dt:00000000 dt
C:\Users\86152\AppData\Local\Temp\ccWl5SoL.s:494    .bss.ins_debug_mode:00000000 $d
C:\Users\86152\AppData\Local\Temp\ccWl5SoL.s:496    .bss.t:00000000 $d
C:\Users\86152\AppData\Local\Temp\ccWl5SoL.s:500    .bss.t:00000000 t
C:\Users\86152\AppData\Local\Temp\ccWl5SoL.s:503    .data.RefTemp:00000000 $d

UNDEFINED SYMBOLS
gEstimateKF_Init
PID_Init
HAL_TIM_PWM_Start
htim10
PID_Calculate
float_rounding
float_constrain
TIM_Set_PWM
BMI088
DWT_GetDeltaT
BMI088_Read
gEstimateKF_Update
Quaternion_AHRS_UpdateIMU
xTaskGetTickCount
InsertQuaternionFrame
Get_EulerAngle
atan2f
Serial_Debug
AHRS
gVec
QuaternionBuffer
GlobalDebugMode
huart1
